-------------------------------------------------------------------------------
Test set: ru.diasoft.digitalq.service.repository.SmsVerificationRepositoryTest
-------------------------------------------------------------------------------
Tests run: 1, Failures: 0, Errors: 1, Skipped: 0, Time elapsed: 17.689 s <<< FAILURE! - in ru.diasoft.digitalq.service.repository.SmsVerificationRepositoryTest
ru.diasoft.digitalq.service.repository.SmsVerificationRepositoryTest.smsVerificationCreateTest  Time elapsed: 0.015 s  <<< ERROR!
java.lang.IllegalStateException: Failed to load ApplicationContext
Caused by: org.springframework.beans.factory.UnsatisfiedDependencyException: Error creating bean with name 'extIdLoader': Unsatisfied dependency expressed through field 'objectIdRepository'; nested exception is org.springframework.beans.factory.NoSuchBeanDefinitionException: No qualifying bean of type 'ru.diasoft.micro.identifier.ObjectIdRepository' available: expected at least 1 bean which qualifies as autowire candidate. Dependency annotations: {@org.springframework.beans.factory.annotation.Autowired(required=true)}
Caused by: org.springframework.beans.factory.NoSuchBeanDefinitionException: No qualifying bean of type 'ru.diasoft.micro.identifier.ObjectIdRepository' available: expected at least 1 bean which qualifies as autowire candidate. Dependency annotations: {@org.springframework.beans.factory.annotation.Autowired(required=true)}

