<?xml version="1.0" encoding="UTF-8"?>
<testsuite xmlns:xsi="http://www.w3.org/2001/XMLSchema-instance" xsi:noNamespaceSchemaLocation="https://maven.apache.org/surefire/maven-surefire-plugin/xsd/surefire-test-report-3.0.xsd" version="3.0" name="ru.diasoft.micro.repository.SmsVerificationRepositoryTest" time="221.341" tests="2" errors="0" skipped="0" failures="0">
  <properties>
[...]
</properties>
  <testcase name="smsVerificationCreateTest" classname="ru.diasoft.micro.repository.SmsVerificationRepositoryTest" time="0.342">
    <system-out><![CDATA[2022-07-01 03:20:27,494 main WARN No Docker URI provided. Docker information is unavailable
2022-07-01 03:20:27,843 Log4j2-TF-1-AsyncLogger[AsyncContext@18b4aac2]-1 WARN No Docker URI provided. Docker information is unavailable
2022-07-01 03:20:27,943 Log4j2-TF-1-AsyncLogger[AsyncContext@18b4aac2]-1 WARN No Docker URI provided. Docker information is unavailable
2022-07-01 03:20:27,958 Log4j2-TF-1-AsyncLogger[AsyncContext@18b4aac2]-1 WARN No Docker URI provided. Docker information is unavailable
2022-07-01T00:20:27.834Z, INFO: DsTracerSpot.getTracerHolder(): accept DsTracerHolder=ru.diasoft.flextera.dstrace.sleuth.DsTracerHolderSleuth, thread: main, logger: r.d.f.d.DsTracerSpot, host: workstation
2022-07-01T00:20:28.055Z, INFO: Neither @ContextConfiguration nor @ContextHierarchy found for test class [ru.diasoft.micro.repository.SmsVerificationRepositoryTest], using SpringBootContextLoader, thread: main, logger: o.s.b.t.c.SpringBootTestContextBootstrapper, host: workstation
2022-07-01T00:20:28.067Z, INFO: Could not detect default resource locations for test class [ru.diasoft.micro.repository.SmsVerificationRepositoryTest]: no resource found for suffixes {-context.xml, Context.groovy}., thread: main, logger: o.s.t.c.s.AbstractContextLoader, host: workstation
2022-07-01T00:20:28.070Z, INFO: Could not detect default configuration classes for test class [ru.diasoft.micro.repository.SmsVerificationRepositoryTest]: SmsVerificationRepositoryTest does not declare any static, non-private, non-final, nested classes annotated with @Configuration., thread: main, logger: o.s.t.c.s.AnnotationConfigContextLoaderUtils, host: workstation
2022-07-01T00:20:28.714Z, INFO: Found @SpringBootConfiguration ru.diasoft.micro.DemoApplication for test class ru.diasoft.micro.repository.SmsVerificationRepositoryTest, thread: main, logger: o.s.b.t.c.SpringBootTestContextBootstrapper, host: workstation
2022-07-01T00:20:28.957Z, INFO: Loaded default TestExecutionListener class names from location [META-INF/spring.factories]: [org.springframework.boot.test.mock.mockito.MockitoTestExecutionListener, org.springframework.boot.test.mock.mockito.ResetMocksTestExecutionListener, org.springframework.boot.test.autoconfigure.restdocs.RestDocsTestExecutionListener, org.springframework.boot.test.autoconfigure.web.client.MockRestServiceServerResetTestExecutionListener, org.springframework.boot.test.autoconfigure.web.servlet.MockMvcPrintOnlyOnFailureTestExecutionListener, org.springframework.boot.test.autoconfigure.web.servlet.WebDriverTestExecutionListener, org.springframework.boot.test.autoconfigure.webservices.client.MockWebServiceServerTestExecutionListener, org.springframework.test.context.web.ServletTestExecutionListener, org.springframework.test.context.support.DirtiesContextBeforeModesTestExecutionListener, org.springframework.test.context.event.ApplicationEventsTestExecutionListener, org.springframework.test.context.support.DependencyInjectionTestExecutionListener, org.springframework.test.context.support.DirtiesContextTestExecutionListener, org.springframework.test.context.transaction.TransactionalTestExecutionListener, org.springframework.test.context.jdbc.SqlScriptsTestExecutionListener, org.springframework.test.context.event.EventPublishingTestExecutionListener, org.springframework.security.test.context.support.WithSecurityContextTestExecutionListener, org.springframework.security.test.context.support.ReactorContextTestExecutionListener], thread: main, logger: o.s.b.t.c.SpringBootTestContextBootstrapper, host: workstation
2022-07-01T00:20:29.014Z, INFO: Using TestExecutionListeners: [org.springframework.test.context.web.ServletTestExecutionListener@7072606, org.springframework.test.context.support.DirtiesContextBeforeModesTestExecutionListener@7266f136, org.springframework.test.context.event.ApplicationEventsTestExecutionListener@2daf2351, org.springframework.boot.test.mock.mockito.MockitoTestExecutionListener@2d170dac, org.springframework.boot.test.autoconfigure.SpringBootDependencyInjectionTestExecutionListener@139e291e, org.springframework.test.context.support.DirtiesContextTestExecutionListener@56b4951a, org.springframework.test.context.transaction.TransactionalTestExecutionListener@2d58136, org.springframework.test.context.jdbc.SqlScriptsTestExecutionListener@173a86ad, org.springframework.test.context.event.EventPublishingTestExecutionListener@758e8b8d, org.springframework.security.test.context.support.WithSecurityContextTestExecutionListener@760dc63, org.springframework.security.test.context.support.ReactorContextTestExecutionListener@29922188, org.springframework.boot.test.mock.mockito.ResetMocksTestExecutionListener@6a5ed5f9, org.springframework.boot.test.autoconfigure.restdocs.RestDocsTestExecutionListener@6b8de9dc, org.springframework.boot.test.autoconfigure.web.client.MockRestServiceServerResetTestExecutionListener@6a8fa30a, org.springframework.boot.test.autoconfigure.web.servlet.MockMvcPrintOnlyOnFailureTestExecutionListener@522941b2, org.springframework.boot.test.autoconfigure.web.servlet.WebDriverTestExecutionListener@4e44b713, org.springframework.boot.test.autoconfigure.webservices.client.MockWebServiceServerTestExecutionListener@4a83740e], thread: main, logger: o.s.b.t.c.SpringBootTestContextBootstrapper, host: workstation
2022-07-01T00:20:29.139Z, INFO: Neither @ContextConfiguration nor @ContextHierarchy found for test class [ru.diasoft.micro.repository.SmsVerificationRepositoryTest], using SpringBootContextLoader, thread: main, logger: o.s.b.t.c.SpringBootTestContextBootstrapper, host: workstation
2022-07-01T00:20:29.140Z, INFO: Could not detect default resource locations for test class [ru.diasoft.micro.repository.SmsVerificationRepositoryTest]: no resource found for suffixes {-context.xml, Context.groovy}., thread: main, logger: o.s.t.c.s.AbstractContextLoader, host: workstation
2022-07-01T00:20:29.140Z, INFO: Could not detect default configuration classes for test class [ru.diasoft.micro.repository.SmsVerificationRepositoryTest]: SmsVerificationRepositoryTest does not declare any static, non-private, non-final, nested classes annotated with @Configuration., thread: main, logger: o.s.t.c.s.AnnotationConfigContextLoaderUtils, host: workstation
2022-07-01T00:20:29.144Z, INFO: Found @SpringBootConfiguration ru.diasoft.micro.DemoApplication for test class ru.diasoft.micro.repository.SmsVerificationRepositoryTest, thread: main, logger: o.s.b.t.c.SpringBootTestContextBootstrapper, host: workstation
2022-07-01T00:20:29.146Z, INFO: Loaded default TestExecutionListener class names from location [META-INF/spring.factories]: [org.springframework.boot.test.mock.mockito.MockitoTestExecutionListener, org.springframework.boot.test.mock.mockito.ResetMocksTestExecutionListener, org.springframework.boot.test.autoconfigure.restdocs.RestDocsTestExecutionListener, org.springframework.boot.test.autoconfigure.web.client.MockRestServiceServerResetTestExecutionListener, org.springframework.boot.test.autoconfigure.web.servlet.MockMvcPrintOnlyOnFailureTestExecutionListener, org.springframework.boot.test.autoconfigure.web.servlet.WebDriverTestExecutionListener, org.springframework.boot.test.autoconfigure.webservices.client.MockWebServiceServerTestExecutionListener, org.springframework.test.context.web.ServletTestExecutionListener, org.springframework.test.context.support.DirtiesContextBeforeModesTestExecutionListener, org.springframework.test.context.event.ApplicationEventsTestExecutionListener, org.springframework.test.context.support.DependencyInjectionTestExecutionListener, org.springframework.test.context.support.DirtiesContextTestExecutionListener, org.springframework.test.context.transaction.TransactionalTestExecutionListener, org.springframework.test.context.jdbc.SqlScriptsTestExecutionListener, org.springframework.test.context.event.EventPublishingTestExecutionListener, org.springframework.security.test.context.support.WithSecurityContextTestExecutionListener, org.springframework.security.test.context.support.ReactorContextTestExecutionListener], thread: main, logger: o.s.b.t.c.SpringBootTestContextBootstrapper, host: workstation
2022-07-01T00:20:29.146Z, INFO: Using TestExecutionListeners: [org.springframework.test.context.web.ServletTestExecutionListener@22726bc7, org.springframework.test.context.support.DirtiesContextBeforeModesTestExecutionListener@294a150c, org.springframework.test.context.event.ApplicationEventsTestExecutionListener@2fef413c, org.springframework.boot.test.mock.mockito.MockitoTestExecutionListener@4a0b1701, org.springframework.boot.test.autoconfigure.SpringBootDependencyInjectionTestExecutionListener@7b9661d4, org.springframework.test.context.support.DirtiesContextTestExecutionListener@20de9df, org.springframework.test.context.transaction.TransactionalTestExecutionListener@57bebe03, org.springframework.test.context.jdbc.SqlScriptsTestExecutionListener@451f08ea, org.springframework.test.context.event.EventPublishingTestExecutionListener@dcf495c, org.springframework.security.test.context.support.WithSecurityContextTestExecutionListener@60610a2b, org.springframework.security.test.context.support.ReactorContextTestExecutionListener@420dee82, org.springframework.boot.test.mock.mockito.ResetMocksTestExecutionListener@7f68e671, org.springframework.boot.test.autoconfigure.restdocs.RestDocsTestExecutionListener@81ac569, org.springframework.boot.test.autoconfigure.web.client.MockRestServiceServerResetTestExecutionListener@6042b613, org.springframework.boot.test.autoconfigure.web.servlet.MockMvcPrintOnlyOnFailureTestExecutionListener@4d162d67, org.springframework.boot.test.autoconfigure.web.servlet.WebDriverTestExecutionListener@757501da, org.springframework.boot.test.autoconfigure.webservices.client.MockWebServiceServerTestExecutionListener@2b1aa390], thread: main, logger: o.s.b.t.c.SpringBootTestContextBootstrapper, host: workstation
yaml = [OriginTrackedMapPropertySource {name='application'}]
serviceName = null
2022-07-01 03:20:30,804 main WARN No Docker URI provided. Docker information is unavailable
2022-07-01 03:20:30,815 main WARN No Docker URI provided. Docker information is unavailable
2022-07-01T00:20:30.946Z, INFO: HV000001: Hibernate Validator 6.2.0.Final, thread: background-preinit, logger: o.h.v.i.u.Version, host: workstation
yaml = [OriginTrackedMapPropertySource {name='application'}]
serviceName = null
2022-07-01 03:20:33,586 main WARN No Docker URI provided. Docker information is unavailable
2022-07-01 03:20:33,601 main WARN No Docker URI provided. Docker information is unavailable
2022-07-01T00:20:33.635Z, DEBUG: exists dstrace property: 'dstrace.enabled'='false', thread: main, logger: r.d.f.d.s.b.m.MapperP2P, host: workstation
2022-07-01T00:20:33.636Z, DEBUG: set property: 'spring.sleuth.enabled'='false', thread: main, logger: r.d.f.d.s.b.m.DsTracePropertyMapper, host: workstation
2022-07-01T00:20:33.636Z, DEBUG: exists dstrace property: 'dstrace.enabled'='false', thread: main, logger: r.d.f.d.s.b.m.MapperP2P, host: workstation
2022-07-01T00:20:33.636Z, DEBUG: set property: 'spring.sleuth.grpc.enabled'='false', thread: main, logger: r.d.f.d.s.b.m.DsTracePropertyMapper, host: workstation
2022-07-01T00:20:33.760Z, DEBUG: add environment property sources: MapPropertySource(
	name = 'dsTracePropertySource',
	source = {
		'spring.sleuth.enabled' = 'false',
		'spring.sleuth.grpc.enabled' = 'false'
	},
	propertyNames = ['spring.sleuth.enabled', 'spring.sleuth.grpc.enabled']
), thread: main, logger: r.d.f.d.s.b.DsTraceApplicationListener, host: workstation

  .   ____          _            __ _ _
 /\\ / ___'_ __ _ _(_)_ __  __ _ \ \ \ \
( ( )\___ | '_ | '_| | '_ \/ _` | \ \ \ \
 \\/  ___)| |_)| | | | | || (_| |  ) ) ) )
  '  |____| .__|_| |_|_| |_\__, | / / / /
 =========|_|==============|___/=/_/_/_/
 :: Spring Boot ::                (v2.5.4)

2022-07-01T00:20:33.778Z, DEBUG: environment: StandardEnvironment(
	activeProfiles = [],
	defaultProfiles = ['default'],
	propertySources = [
		ConfigurationPropertySourcesPropertySource(...),
		MapPropertySource(...),
		PropertiesPropertySource(...),
		OriginAwareSystemEnvironmentPropertySource(...),
		RandomValuePropertySource(...),
		ExtendedDefaultPropertySource(...),
		CachedRandomPropertySource(...),
		MapPropertySource(...),
		OriginTrackedMapPropertySource(...),
		MapPropertySource(...),
		MapPropertySource(...),
		MapPropertySource(...)
	],
	systemProperties = {
		'java.vendor' = 'Oracle Corporation',
		'localRepository' = '/home/marley/.m2/repository',
		'sun.java.launcher' = 'SUN_STANDARD',
		'sun.management.compiler' = 'HotSpot 64-Bit Tiered Compilers',
		'git.commit.id.describe' = '588b727-dirty',
		'os.name' = 'Linux',
		'sun.boot.class.path' = '/opt/jdk1.8.0_321/jre/lib/resources.jar:/opt/jdk1.8.0_321/jre/lib/rt.jar:/opt/jdk1.8.0_321/jre/lib/sunrsasign.jar:/opt/jdk1.8.0_321/jre/lib/jsse.jar:/opt/jdk1.8.0_321/jre/lib/jce.jar:/opt/jdk1.8.0_321/jre/lib/charsets.jar:/opt/jdk1.8.0_321/jre/lib/jfr.jar:/opt/jdk1.8.0_321/jre/classes',
		'LOG_LEVEL_PATTERN' = '%5p [demo,%X{traceId:-},%X{spanId:-}]',
		'sun.desktop' = 'gnome',
		'java.vm.specification.vendor' = 'Oracle Corporation',
		'java.runtime.version' = '1.8.0_321-b07',
		'user.name' = 'marley',
		'user.language' = 'en',
		'sun.boot.library.path' = '/opt/jdk1.8.0_321/jre/lib/amd64',
		'CONSOLE_LOG_CHARSET' = 'UTF-8',
		'PID' = '109942',
		'git.build.user.name' = 'webmak1',
		'java.version' = '1.8.0_321',
		'user.timezone' = 'Europe/Moscow',
		'git.local.branch.behind' = '0',
		'git.remote.origin.url' = 'git@github.com:webmak1/diasoft-microservices-spring-basics.git',
		'sun.arch.data.model' = '64',
		'git.build.version' = '1.00.01-SNAPSHOT',
		'java.endorsed.dirs' = '/opt/jdk1.8.0_321/jre/lib/endorsed',
		'org.springframework.boot.logging.LoggingSystem' = 'org.apache.logging.log4j.spring.boot.Log4j2CloudConfigLoggingSystem',
		'sun.cpu.isalist' = '',
		'sun.jnu.encoding' = 'UTF-8',
		'file.encoding.pkg' = 'sun.io',
		'file.separator' = '/',
		'java.specification.name' = 'Java Platform API Specification',
		'java.class.version' = '52.0',
		'git.commit.message.full' = 'App13 Первый заработавший тест',
		'git.commit.message.short' = 'App13 Первый заработавший тест',
		'user.country' = 'US',
		'java.home' = '/opt/jdk1.8.0_321/jre',
		'git.closest.tag.name' = '',
		'java.vm.info' = 'mixed mode',
		'os.version' = '5.13.0-51-generic',
		'git.build.host' = 'workstation',
		'surefire.real.class.path' = '/home/marley/projects/dev/diasoft/diasoft-microservices-spring-basics/apps/app13/demo/service/target/surefire/surefirebooter6492169491816743892.jar:/home/marley/.m2/repository/org/jacoco/org.jacoco.agent/0.8.4/org.jacoco.agent-0.8.4-runtime.jar',
		'git.tags' = '',
		'path.separator' = ':',
		'git.local.branch.ahead' = '0',
		'java.vm.version' = '25.321-b07',
		'git.commit.user.email' = 'marley.ruby.on.rails@gmail.com',
		'git.closest.tag.commit.count' = '',
		'java.awt.printerjob' = 'sun.print.PSPrinterJob',
		'sun.io.unicode.encoding' = 'UnicodeLittle',
		'awt.toolkit' = 'sun.awt.X11.XToolkit',
		'user.home' = '/home/marley',
		'java.specification.vendor' = 'Oracle Corporation',
		'test' = 'ru.diasoft.micro.repository.SmsVerificationRepositoryTest',
		'git.dirty' = 'true',
		'git.total.commit.count' = '34',
		'java.library.path' = '/usr/java/packages/lib/amd64:/usr/lib64:/lib64:/lib:/usr/lib',
		'java.vendor.url' = 'http://java.oracle.com/',
		'spring.beaninfo.ignore' = 'true',
		'java.vm.vendor' = 'Oracle Corporation',
		'java.runtime.name' = 'Java(TM) SE Runtime Environment',
		'sun.java.command' = '/home/marley/projects/dev/diasoft/diasoft-microservices-spring-basics/apps/app13/demo/service/target/surefire/surefirebooter6492169491816743892.jar /home/marley/projects/dev/diasoft/diasoft-microservices-spring-basics/apps/app13/demo/service/target/surefire 2022-07-01T03-20-13_158-jvmRun1 surefire4562208420638724351tmp surefire_01076936099079699269tmp',
		'java.class.path' = '/home/marley/projects/dev/diasoft/diasoft-microservices-spring-basics/apps/app13/demo/service/target/test-classes:/home/marley/projects/dev/diasoft/diasoft-microservices-spring-basics/apps/app13/demo/service/target/classes:/home/marley/.m2/repository/org/springframework/boot/spring-boot-starter/2.5.4/spring-boot-starter-2.5.4.jar:/home/marley/.m2/repository/org/springframework/boot/spring-boot/2.5.4/spring-boot-2.5.4.jar:/home/marley/.m2/repository/org/springframework/spring-context/5.3.9/spring-context-5.3.9.jar:/home/marley/.m2/repository/org/springframework/boot/spring-boot-autoconfigure/2.5.4/spring-boot-autoconfigure-2.5.4.jar:/home/marley/.m2/repository/jakarta/annotation/jakarta.annotation-api/1.3.5/jakarta.annotation-api-1.3.5.jar:/home/marley/.m2/repository/org/springframework/spring-core/5.3.9/spring-core-5.3.9.jar:/home/marley/.m2/repository/org/springframework/spring-jcl/5.3.9/spring-jcl-5.3.9.jar:/home/marley/.m2/repository/org/yaml/snakeyaml/1.28/snakeyaml-1.28.jar:/home/marley/.m2/repository/ru/diasoft/micro/core-starter/2.05.01-22060801/core-starter-2.05.01-22060801.jar:/home/marley/.m2/repository/org/springframework/boot/spring-boot-starter-json/2.5.4/spring-boot-starter-json-2.5.4.jar:/home/marley/.m2/repository/com/fasterxml/jackson/datatype/jackson-datatype-jdk8/2.12.4/jackson-datatype-jdk8-2.12.4.jar:/home/marley/.m2/repository/com/fasterxml/jackson/datatype/jackson-datatype-jsr310/2.12.4/jackson-datatype-jsr310-2.12.4.jar:/home/marley/.m2/repository/com/fasterxml/jackson/module/jackson-module-parameter-names/2.12.4/jackson-module-parameter-names-2.12.4.jar:/home/marley/.m2/repository/org/springframework/cloud/spring-cloud-starter-oauth2/2.2.2.RELEASE/spring-cloud-starter-oauth2-2.2.2.RELEASE.jar:/home/marley/.m2/repository/org/springframework/cloud/spring-cloud-starter-security/2.2.2.RELEASE/spring-cloud-starter-security-2.2.2.RELEASE.jar:/home/marley/.m2/repository/org/springframework/cloud/spring-cloud-security/2.2.2.RELEASE/spring-cloud-security-2.2.2.RELEASE.jar:/home/marley/.m2/repository/org/springframework/boot/spring-boot-starter-security/2.5.4/spring-boot-starter-security-2.5.4.jar:/home/marley/.m2/repository/ru/diasoft/digitalq/dslogging-spring-boot-starter/1.06.05-22060901/dslogging-spring-boot-starter-1.06.05-22060901.jar:/home/marley/.m2/repository/ru/diasoft/digitalq/dslogging/1.06.05-22060901/dslogging-1.06.05-22060901.jar:/home/marley/.m2/repository/ru/diasoft/digitalq/dslogging-log4j2/1.06.05-22060901/dslogging-log4j2-1.06.05-22060901.jar:/home/marley/.m2/repository/ru/diasoft/flextera/dstrace/4.01.04-22010401/dstrace-4.01.04-22010401.jar:/home/marley/.m2/repository/commons-io/commons-io/2.5/commons-io-2.5.jar:/home/marley/.m2/repository/com/lmax/disruptor/3.4.2/disruptor-3.4.2.jar:/home/marley/.m2/repository/biz/paluch/logging/logstash-gelf/1.14.0/logstash-gelf-1.14.0.jar:/home/marley/.m2/repository/org/apache/logging/log4j/log4j-api/2.17.1/log4j-api-2.17.1.jar:/home/marley/.m2/repository/org/apache/logging/log4j/log4j-slf4j-impl/2.17.1/log4j-slf4j-impl-2.17.1.jar:/home/marley/.m2/repository/org/apache/logging/log4j/log4j-jul/2.17.1/log4j-jul-2.17.1.jar:/home/marley/.m2/repository/org/apache/logging/log4j/log4j-spring-cloud-config-client/2.17.1/log4j-spring-cloud-config-client-2.17.1.jar:/home/marley/.m2/repository/org/apache/logging/log4j/log4j-spring-boot/2.17.1/log4j-spring-boot-2.17.1.jar:/home/marley/.m2/repository/org/springframework/cloud/spring-cloud-starter-bootstrap/3.0.3/spring-cloud-starter-bootstrap-3.0.3.jar:/home/marley/.m2/repository/org/springframework/cloud/spring-cloud-config-client/3.0.4/spring-cloud-config-client-3.0.4.jar:/home/marley/.m2/repository/commons-logging/commons-logging/1.2/commons-logging-1.2.jar:/home/marley/.m2/repository/org/apache/logging/log4j/log4j-docker/2.17.1/log4j-docker-2.17.1.jar:/home/marley/.m2/repository/org/apache/commons/commons-lang3/3.12.0/commons-lang3-3.12.0.jar:/home/marley/.m2/repository/ru/diasoft/micro/jpa-starter/2.05.01-22060801/jpa-starter-2.05.01-22060801.jar:/home/marley/.m2/repository/org/springframework/boot/spring-boot-starter-data-jpa/2.5.4/spring-boot-starter-data-jpa-2.5.4.jar:/home/marley/.m2/repository/org/springframework/boot/spring-boot-starter-jdbc/2.5.4/spring-boot-starter-jdbc-2.5.4.jar:/home/marley/.m2/repository/org/springframework/spring-jdbc/5.3.9/spring-jdbc-5.3.9.jar:/home/marley/.m2/repository/jakarta/transaction/jakarta.transaction-api/1.3.3/jakarta.transaction-api-1.3.3.jar:/home/marley/.m2/repository/jakarta/persistence/jakarta.persistence-api/2.2.3/jakarta.persistence-api-2.2.3.jar:/home/marley/.m2/repository/org/hibernate/hibernate-core/5.4.32.Final/hibernate-core-5.4.32.Final.jar:/home/marley/.m2/repository/org/jboss/logging/jboss-logging/3.4.2.Final/jboss-logging-3.4.2.Final.jar:/home/marley/.m2/repository/org/javassist/javassist/3.23.2-GA/javassist-3.23.2-GA.jar:/home/marley/.m2/repository/antlr/antlr/2.7.7/antlr-2.7.7.jar:/home/marley/.m2/repository/org/jboss/jandex/2.2.3.Final/jandex-2.2.3.Final.jar:/home/marley/.m2/repository/org/dom4j/dom4j/2.1.3/dom4j-2.1.3.jar:/home/marley/.m2/repository/org/hibernate/common/hibernate-commons-annotations/5.1.2.Final/hibernate-commons-annotations-5.1.2.Final.jar:/home/marley/.m2/repository/org/springframework/data/spring-data-jpa/2.5.4/spring-data-jpa-2.5.4.jar:/home/marley/.m2/repository/org/springframework/data/spring-data-commons/2.5.4/spring-data-commons-2.5.4.jar:/home/marley/.m2/repository/org/springframework/spring-orm/5.3.9/spring-orm-5.3.9.jar:/home/marley/.m2/repository/ru/diasoft/flextera/dstrace-spring-boot-starter-jpa/4.01.04-22010401/dstrace-spring-boot-starter-jpa-4.01.04-22010401.jar:/home/marley/.m2/repository/ru/diasoft/flextera/dstrace-spring-boot-starter/4.01.04-22010401/dstrace-spring-boot-starter-4.01.04-22010401.jar:/home/marley/.m2/repository/ru/diasoft/flextera/dstrace-brave/4.01.04-22010401/dstrace-brave-4.01.04-22010401.jar:/home/marley/.m2/repository/io/zipkin/brave/brave/5.13.2/brave-5.13.2.jar:/home/marley/.m2/repository/io/zipkin/reporter2/zipkin-reporter-brave/2.16.1/zipkin-reporter-brave-2.16.1.jar:/home/marley/.m2/repository/org/springframework/cloud/spring-cloud-starter-zipkin/2.2.3.RELEASE/spring-cloud-starter-zipkin-2.2.3.RELEASE.jar:/home/marley/.m2/repository/org/springframework/cloud/spring-cloud-starter-sleuth/3.0.3/spring-cloud-starter-sleuth-3.0.3.jar:/home/marley/.m2/repository/org/springframework/cloud/spring-cloud-sleuth-autoconfigure/3.0.3/spring-cloud-sleuth-autoconfigure-3.0.3.jar:/home/marley/.m2/repository/org/aspectj/aspectjrt/1.9.7/aspectjrt-1.9.7.jar:/home/marley/.m2/repository/org/springframework/cloud/spring-cloud-sleuth-brave/3.0.3/spring-cloud-sleuth-brave-3.0.3.jar:/home/marley/.m2/repository/io/zipkin/brave/brave-context-slf4j/5.13.2/brave-context-slf4j-5.13.2.jar:/home/marley/.m2/repository/io/zipkin/brave/brave-instrumentation-messaging/5.13.2/brave-instrumentation-messaging-5.13.2.jar:/home/marley/.m2/repository/io/zipkin/brave/brave-instrumentation-rpc/5.13.2/brave-instrumentation-rpc-5.13.2.jar:/home/marley/.m2/repository/io/zipkin/brave/brave-instrumentation-spring-rabbit/5.13.2/brave-instrumentation-spring-rabbit-5.13.2.jar:/home/marley/.m2/repository/io/zipkin/brave/brave-instrumentation-kafka-clients/5.13.2/brave-instrumentation-kafka-clients-5.13.2.jar:/home/marley/.m2/repository/io/zipkin/brave/brave-instrumentation-kafka-streams/5.13.2/brave-instrumentation-kafka-streams-5.13.2.jar:/home/marley/.m2/repository/io/zipkin/brave/brave-instrumentation-httpclient/5.13.2/brave-instrumentation-httpclient-5.13.2.jar:/home/marley/.m2/repository/io/zipkin/brave/brave-instrumentation-http/5.13.2/brave-instrumentation-http-5.13.2.jar:/home/marley/.m2/repository/io/zipkin/brave/brave-instrumentation-httpasyncclient/5.13.2/brave-instrumentation-httpasyncclient-5.13.2.jar:/home/marley/.m2/repository/io/zipkin/brave/brave-instrumentation-jms/5.13.2/brave-instrumentation-jms-5.13.2.jar:/home/marley/.m2/repository/io/zipkin/brave/brave-instrumentation-mongodb/5.13.2/brave-instrumentation-mongodb-5.13.2.jar:/home/marley/.m2/repository/io/zipkin/aws/brave-propagation-aws/0.21.3/brave-propagation-aws-0.21.3.jar:/home/marley/.m2/repository/io/zipkin/reporter2/zipkin-reporter-metrics-micrometer/2.16.1/zipkin-reporter-metrics-micrometer-2.16.1.jar:/home/marley/.m2/repository/org/springframework/cloud/spring-cloud-sleuth-zipkin/3.0.3/spring-cloud-sleuth-zipkin-3.0.3.jar:/home/marley/.m2/repository/org/springframework/cloud/spring-cloud-sleuth-instrumentation/3.0.3/spring-cloud-sleuth-instrumentation-3.0.3.jar:/home/marley/.m2/repository/org/springframework/cloud/spring-cloud-sleuth-api/3.0.3/spring-cloud-sleuth-api-3.0.3.jar:/home/marley/.m2/repository/io/zipkin/zipkin2/zipkin/2.23.0/zipkin-2.23.0.jar:/home/marley/.m2/repository/io/zipkin/reporter2/zipkin-reporter/2.16.1/zipkin-reporter-2.16.1.jar:/home/marley/.m2/repository/io/zipkin/reporter2/zipkin-sender-kafka/2.16.1/zipkin-sender-kafka-2.16.1.jar:/home/marley/.m2/repository/io/zipkin/reporter2/zipkin-sender-activemq-client/2.16.1/zipkin-sender-activemq-client-2.16.1.jar:/home/marley/.m2/repository/io/zipkin/reporter2/zipkin-sender-amqp-client/2.16.1/zipkin-sender-amqp-client-2.16.1.jar:/home/marley/.m2/repository/net/ttddyy/datasource-proxy/1.7/datasource-proxy-1.7.jar:/home/marley/.m2/repository/com/querydsl/querydsl-apt/4.4.0/querydsl-apt-4.4.0.jar:/home/marley/.m2/repository/com/querydsl/querydsl-jpa/4.4.0/querydsl-jpa-4.4.0.jar:/home/marley/.m2/repository/com/querydsl/querydsl-core/4.4.0/querydsl-core-4.4.0.jar:/home/marley/.m2/repository/com/mysema/commons/mysema-commons-lang/0.2.4/mysema-commons-lang-0.2.4.jar:/home/marley/.m2/repository/com/infradna/tool/bridge-method-annotation/1.13/bridge-method-annotation-1.13.jar:/home/marley/.m2/repository/javax/inject/javax.inject/1/javax.inject-1.jar:/home/marley/.m2/repository/com/querydsl/querydsl-codegen/4.2.2/querydsl-codegen-4.2.2.jar:/home/marley/.m2/repository/com/mysema/codegen/codegen/0.6.8/codegen-0.6.8.jar:/home/marley/.m2/repository/org/eclipse/jdt/core/compiler/ecj/4.3.1/ecj-4.3.1.jar:/home/marley/.m2/repository/org/reflections/reflections/0.9.9/reflections-0.9.9.jar:/home/marley/.m2/repository/com/google/code/findbugs/annotations/2.0.1/annotations-2.0.1.jar:/home/marley/.m2/repository/ru/diasoft/micro/mdp/lib/mdpquerydsl/9.04.06-21060101/mdpquerydsl-9.04.06-21060101.jar:/home/marley/.m2/repository/com/querydsl/querydsl-collections/4.4.0/querydsl-collections-4.4.0.jar:/home/marley/.m2/repository/org/apache/commons/commons-collections4/4.3/commons-collections4-4.3.jar:/home/marley/.m2/repository/com/google/guava/guava/29.0-android/guava-29.0-android.jar:/home/marley/.m2/repository/com/google/guava/failureaccess/1.0.1/failureaccess-1.0.1.jar:/home/marley/.m2/repository/com/google/guava/listenablefuture/9999.0-empty-to-avoid-conflict-with-guava/listenablefuture-9999.0-empty-to-avoid-conflict-with-guava.jar:/home/marley/.m2/repository/org/checkerframework/checker-compat-qual/2.5.5/checker-compat-qual-2.5.5.jar:/home/marley/.m2/repository/com/google/errorprone/error_prone_annotations/2.3.4/error_prone_annotations-2.3.4.jar:/home/marley/.m2/repository/com/google/j2objc/j2objc-annotations/1.3/j2objc-annotations-1.3.jar:/home/marley/.m2/repository/org/postgresql/postgresql/42.3.3/postgresql-42.3.3.jar:/home/marley/.m2/repository/org/checkerframework/checker-qual/3.5.0/checker-qual-3.5.0.jar:/home/marley/.m2/repository/net/sourceforge/jtds/jtds/1.3.1/jtds-1.3.1.jar:/home/marley/.m2/repository/com/oracle/database/jdbc/ojdbc8/21.4.0.0.1/ojdbc8-21.4.0.0.1.jar:/home/marley/.m2/repository/com/oracle/ojdbc/orai18n/19.3.0.0/orai18n-19.3.0.0.jar:/home/marley/.m2/repository/com/oracle/database/nls/orai18n/21.4.0.0.1/orai18n-21.4.0.0.1.jar:/home/marley/.m2/repository/ru/diasoft/micro/stream-kafka-starter/2.05.01-22060801/stream-kafka-starter-2.05.01-22060801.jar:/home/marley/.m2/repository/org/springframework/cloud/spring-cloud-starter-stream-kafka/3.1.3/spring-cloud-starter-stream-kafka-3.1.3.jar:/home/marley/.m2/repository/org/springframework/cloud/spring-cloud-stream-binder-kafka/3.1.3/spring-cloud-stream-binder-kafka-3.1.3.jar:/home/marley/.m2/repository/org/springframework/cloud/spring-cloud-stream-binder-kafka-core/3.1.3/spring-cloud-stream-binder-kafka-core-3.1.3.jar:/home/marley/.m2/repository/org/springframework/integration/spring-integration-kafka/5.5.3/spring-integration-kafka-5.5.3.jar:/home/marley/.m2/repository/org/springframework/cloud/spring-cloud-stream/3.1.3/spring-cloud-stream-3.1.3.jar:/home/marley/.m2/repository/org/springframework/integration/spring-integration-core/5.5.3/spring-integration-core-5.5.3.jar:/home/marley/.m2/repository/org/springframework/integration/spring-integration-jmx/5.5.3/spring-integration-jmx-5.5.3.jar:/home/marley/.m2/repository/org/springframework/cloud/spring-cloud-function-context/3.1.3/spring-cloud-function-context-3.1.3.jar:/home/marley/.m2/repository/net/jodah/typetools/0.6.2/typetools-0.6.2.jar:/home/marley/.m2/repository/org/springframework/cloud/spring-cloud-function-core/3.1.3/spring-cloud-function-core-3.1.3.jar:/home/marley/.m2/repository/ru/diasoft/flextera/dstrace-spring-boot-starter-cloud-stream/4.01.04-22010401/dstrace-spring-boot-starter-cloud-stream-4.01.04-22010401.jar:/home/marley/.m2/repository/ru/diasoft/micro/feign-starter/2.05.01-22060801/feign-starter-2.05.01-22060801.jar:/home/marley/.m2/repository/org/springframework/cloud/spring-cloud-starter-openfeign/3.0.3/spring-cloud-starter-openfeign-3.0.3.jar:/home/marley/.m2/repository/org/springframework/cloud/spring-cloud-openfeign-core/3.0.3/spring-cloud-openfeign-core-3.0.3.jar:/home/marley/.m2/repository/io/github/openfeign/form/feign-form-spring/3.8.0/feign-form-spring-3.8.0.jar:/home/marley/.m2/repository/io/github/openfeign/form/feign-form/3.8.0/feign-form-3.8.0.jar:/home/marley/.m2/repository/commons-fileupload/commons-fileupload/1.4/commons-fileupload-1.4.jar:/home/marley/.m2/repository/org/springframework/cloud/spring-cloud-commons/3.0.3/spring-cloud-commons-3.0.3.jar:/home/marley/.m2/repository/io/github/openfeign/feign-core/10.12/feign-core-10.12.jar:/home/marley/.m2/repository/io/github/openfeign/feign-slf4j/10.12/feign-slf4j-10.12.jar:/home/marley/.m2/repository/ru/diasoft/flextera/dstrace-spring-boot-starter-feign/4.01.04-22010401/dstrace-spring-boot-starter-feign-4.01.04-22010401.jar:/home/marley/.m2/repository/ru/diasoft/micro/mdp/lib/mdpribbon/9.05.01-22061501-spring-254/mdpribbon-9.05.01-22061501-spring-254.jar:/home/marley/.m2/repository/ru/diasoft/micro/mdp/lib/mdpcache/9.05.01-21122301/mdpcache-9.05.01-21122301.jar:/home/marley/.m2/repository/org/springframework/cloud/spring-cloud-loadbalancer/3.0.3/spring-cloud-loadbalancer-3.0.3.jar:/home/marley/.m2/repository/org/springframework/cloud/spring-cloud-context/3.0.3/spring-cloud-context-3.0.3.jar:/home/marley/.m2/repository/org/springframework/boot/spring-boot-starter-validation/2.5.4/spring-boot-starter-validation-2.5.4.jar:/home/marley/.m2/repository/org/apache/tomcat/embed/tomcat-embed-el/9.0.52/tomcat-embed-el-9.0.52.jar:/home/marley/.m2/repository/org/hibernate/validator/hibernate-validator/6.2.0.Final/hibernate-validator-6.2.0.Final.jar:/home/marley/.m2/repository/jakarta/validation/jakarta.validation-api/2.0.2/jakarta.validation-api-2.0.2.jar:/home/marley/.m2/repository/io/projectreactor/reactor-core/3.4.9/reactor-core-3.4.9.jar:/home/marley/.m2/repository/org/reactivestreams/reactive-streams/1.0.3/reactive-streams-1.0.3.jar:/home/marley/.m2/repository/io/projectreactor/addons/reactor-extra/3.4.4/reactor-extra-3.4.4.jar:/home/marley/.m2/repository/org/springframework/cloud/spring-cloud-netflix-eureka-client/3.0.3/spring-cloud-netflix-eureka-client-3.0.3.jar:/home/marley/.m2/repository/com/netflix/eureka/eureka-client/1.10.14/eureka-client-1.10.14.jar:/home/marley/.m2/repository/com/netflix/netflix-commons/netflix-eventbus/0.3.0/netflix-eventbus-0.3.0.jar:/home/marley/.m2/repository/com/netflix/netflix-commons/netflix-infix/0.3.0/netflix-infix-0.3.0.jar:/home/marley/.m2/repository/commons-jxpath/commons-jxpath/1.3/commons-jxpath-1.3.jar:/home/marley/.m2/repository/org/antlr/antlr-runtime/3.4/antlr-runtime-3.4.jar:/home/marley/.m2/repository/org/antlr/stringtemplate/3.2.1/stringtemplate-3.2.1.jar:/home/marley/.m2/repository/org/apache/commons/commons-math/2.2/commons-math-2.2.jar:/home/marley/.m2/repository/com/thoughtworks/xstream/xstream/1.4.18/xstream-1.4.18.jar:/home/marley/.m2/repository/io/github/x-stream/mxparser/1.2.2/mxparser-1.2.2.jar:/home/marley/.m2/repository/xmlpull/xmlpull/1.1.3.1/xmlpull-1.1.3.1.jar:/home/marley/.m2/repository/javax/ws/rs/jsr311-api/1.1.1/jsr311-api-1.1.1.jar:/home/marley/.m2/repository/com/netflix/servo/servo-core/0.12.21/servo-core-0.12.21.jar:/home/marley/.m2/repository/com/sun/jersey/jersey-core/1.19.4/jersey-core-1.19.4.jar:/home/marley/.m2/repository/com/sun/jersey/jersey-client/1.19.4/jersey-client-1.19.4.jar:/home/marley/.m2/repository/com/sun/jersey/contribs/jersey-apache-client4/1.19.1/jersey-apache-client4-1.19.1.jar:/home/marley/.m2/repository/commons-configuration/commons-configuration/1.10/commons-configuration-1.10.jar:/home/marley/.m2/repository/commons-lang/commons-lang/2.6/commons-lang-2.6.jar:/home/marley/.m2/repository/com/google/inject/guice/4.1.0/guice-4.1.0.jar:/home/marley/.m2/repository/aopalliance/aopalliance/1.0/aopalliance-1.0.jar:/home/marley/.m2/repository/com/fasterxml/jackson/core/jackson-core/2.12.4/jackson-core-2.12.4.jar:/home/marley/.m2/repository/org/codehaus/jettison/jettison/1.4.0/jettison-1.4.0.jar:/home/marley/.m2/repository/io/kubernetes/client-java/8.0.2/client-java-8.0.2.jar:/home/marley/.m2/repository/io/kubernetes/client-java-api/8.0.2/client-java-api-8.0.2.jar:/home/marley/.m2/repository/io/sundr/builder-annotations/0.21.0/builder-annotations-0.21.0.jar:/home/marley/.m2/repository/io/sundr/sundr-core/0.21.0/sundr-core-0.21.0.jar:/home/marley/.m2/repository/io/sundr/sundr-codegen/0.21.0/sundr-codegen-0.21.0.jar:/home/marley/.m2/repository/io/sundr/resourcecify-annotations/0.21.0/resourcecify-annotations-0.21.0.jar:/home/marley/.m2/repository/javax/annotation/javax.annotation-api/1.3.2/javax.annotation-api-1.3.2.jar:/home/marley/.m2/repository/io/swagger/swagger-annotations/1.5.22/swagger-annotations-1.5.22.jar:/home/marley/.m2/repository/com/squareup/okhttp3/okhttp/3.14.9/okhttp-3.14.9.jar:/home/marley/.m2/repository/com/squareup/okio/okio/1.17.2/okio-1.17.2.jar:/home/marley/.m2/repository/com/squareup/okhttp3/logging-interceptor/3.14.9/logging-interceptor-3.14.9.jar:/home/marley/.m2/repository/com/google/code/gson/gson/2.8.7/gson-2.8.7.jar:/home/marley/.m2/repository/io/gsonfire/gson-fire/1.8.3/gson-fire-1.8.3.jar:/home/marley/.m2/repository/joda-time/joda-time/2.10.5/joda-time-2.10.5.jar:/home/marley/.m2/repository/org/joda/joda-convert/1.2/joda-convert-1.2.jar:/home/marley/.m2/repository/io/kubernetes/client-java-proto/8.0.2/client-java-proto-8.0.2.jar:/home/marley/.m2/repository/org/apache/commons/commons-compress/1.19/commons-compress-1.19.jar:/home/marley/.m2/repository/org/bouncycastle/bcprov-ext-jdk15on/1.64/bcprov-ext-jdk15on-1.64.jar:/home/marley/.m2/repository/org/bouncycastle/bcpkix-jdk15on/1.60/bcpkix-jdk15on-1.60.jar:/home/marley/.m2/repository/org/bouncycastle/bcprov-jdk15on/1.60/bcprov-jdk15on-1.60.jar:/home/marley/.m2/repository/com/google/protobuf/protobuf-java/3.11.4/protobuf-java-3.11.4.jar:/home/marley/.m2/repository/org/bitbucket/b_c/jose4j/0.7.0/jose4j-0.7.0.jar:/home/marley/.m2/repository/org/apache/logging/log4j/log4j-core/2.17.1/log4j-core-2.17.1.jar:/home/marley/.m2/repository/org/apache/httpcomponents/httpclient/4.5.13/httpclient-4.5.13.jar:/home/marley/.m2/repository/org/apache/httpcomponents/httpcore/4.4.14/httpcore-4.4.14.jar:/home/marley/.m2/repository/org/projectlombok/lombok/1.18.20/lombok-1.18.20.jar:/home/marley/.m2/repository/ru/diasoft/digitalq/libs/dqapiexception/1.03.01-21041301/dqapiexception-1.03.01-21041301.jar:/home/marley/.m2/repository/org/springframework/spring-web/5.3.9/spring-web-5.3.9.jar:/home/marley/.m2/repository/org/springframework/spring-beans/5.3.9/spring-beans-5.3.9.jar:/home/marley/.m2/repository/com/fasterxml/jackson/core/jackson-databind/2.12.4/jackson-databind-2.12.4.jar:/home/marley/.m2/repository/javax/validation/validation-api/2.0.1.Final/validation-api-2.0.1.Final.jar:/home/marley/.m2/repository/ru/diasoft/micro/mdp/lib/qpermissioncontrol/9.08.01-22061701/qpermissioncontrol-9.08.01-22061701.jar:/home/marley/.m2/repository/org/springframework/boot/spring-boot-starter-web/2.5.4/spring-boot-starter-web-2.5.4.jar:/home/marley/.m2/repository/org/springframework/boot/spring-boot-starter-tomcat/2.5.4/spring-boot-starter-tomcat-2.5.4.jar:/home/marley/.m2/repository/org/apache/tomcat/embed/tomcat-embed-core/9.0.52/tomcat-embed-core-9.0.52.jar:/home/marley/.m2/repository/org/apache/tomcat/embed/tomcat-embed-websocket/9.0.52/tomcat-embed-websocket-9.0.52.jar:/home/marley/.m2/repository/org/springframework/spring-webmvc/5.3.9/spring-webmvc-5.3.9.jar:/home/marley/.m2/repository/com/fasterxml/jackson/core/jackson-annotations/2.12.4/jackson-annotations-2.12.4.jar:/home/marley/.m2/repository/com/googlecode/json-simple/json-simple/1.1.1/json-simple-1.1.1.jar:/home/marley/.m2/repository/org/json/json/20190722/json-20190722.jar:/home/marley/.m2/repository/ru/diasoft/micro/mdp/lib/mdpexception/9.10.01-astra-22062201/mdpexception-9.10.01-astra-22062201.jar:/home/marley/.m2/repository/ru/diasoft/micro/mdp/lib/mdpid/9.07.01-22042201/mdpid-9.07.01-22042201.jar:/home/marley/.m2/repository/org/wso2/balana/org.wso2.balana/1.2.12.1/org.wso2.balana-1.2.12.1.jar:/home/marley/.m2/repository/org/wso2/balana/org.wso2.balana.utils/1.2.12.1/org.wso2.balana.utils-1.2.12.1.jar:/home/marley/.m2/repository/org/ops4j/pax/logging/pax-logging-api/1.10.1/pax-logging-api-1.10.1.jar:/home/marley/.m2/repository/xerces/wso2/xercesImpl/2.8.1.wso2v2/xercesImpl-2.8.1.wso2v2.jar:/home/marley/.m2/repository/ru/diasoft/micro/mdp/lib/mdpauditlib/9.05.01-21122301/mdpauditlib-9.05.01-21122301.jar:/home/marley/.m2/repository/org/springframework/boot/spring-boot-starter-aop/2.5.4/spring-boot-starter-aop-2.5.4.jar:/home/marley/.m2/repository/org/springframework/spring-aop/5.3.9/spring-aop-5.3.9.jar:/home/marley/.m2/repository/commons-codec/commons-codec/1.15/commons-codec-1.15.jar:/home/marley/.m2/repository/com/ctc/wstx/stax/stax2-api/3.0.2/stax2-api-3.0.2.jar:/home/marley/.m2/repository/com/ctc/wstx/stax/woodstox-core-asl/4.0.8/woodstox-core-asl-4.0.8.jar:/home/marley/.m2/repository/ru/diasoft/micro/mdp/lib/mdpversionslib/9.05.01-21122301/mdpversionslib-9.05.01-21122301.jar:/home/marley/.m2/repository/org/springframework/boot/spring-boot-devtools/2.5.4/spring-boot-devtools-2.5.4.jar:/home/marley/.m2/repository/ru/diasoft/micro/micrometer-starter/2.05.01-22060801/micrometer-starter-2.05.01-22060801.jar:/home/marley/.m2/repository/io/micrometer/micrometer-core/1.7.3/micrometer-core-1.7.3.jar:/home/marley/.m2/repository/org/hdrhistogram/HdrHistogram/2.1.11/HdrHistogram-2.1.11.jar:/home/marley/.m2/repository/org/latencyutils/LatencyUtils/2.0.3/LatencyUtils-2.0.3.jar:/home/marley/.m2/repository/io/micrometer/micrometer-registry-prometheus/1.7.3/micrometer-registry-prometheus-1.7.3.jar:/home/marley/.m2/repository/io/prometheus/simpleclient_common/0.10.0/simpleclient_common-0.10.0.jar:/home/marley/.m2/repository/io/prometheus/simpleclient/0.10.0/simpleclient-0.10.0.jar:/home/marley/.m2/repository/org/mapstruct/mapstruct/1.3.1.Final/mapstruct-1.3.1.Final.jar:/home/marley/.m2/repository/org/junit/vintage/junit-vintage-engine/5.7.2/junit-vintage-engine-5.7.2.jar:/home/marley/.m2/repository/org/apiguardian/apiguardian-api/1.1.0/apiguardian-api-1.1.0.jar:/home/marley/.m2/repository/org/junit/platform/junit-platform-engine/1.7.2/junit-platform-engine-1.7.2.jar:/home/marley/.m2/repository/org/opentest4j/opentest4j/1.2.0/opentest4j-1.2.0.jar:/home/marley/.m2/repository/org/junit/platform/junit-platform-commons/1.7.2/junit-platform-commons-1.7.2.jar:/home/marley/.m2/repository/junit/junit/4.13.2/junit-4.13.2.jar:/home/marley/.m2/repository/org/springframework/boot/spring-boot-starter-test/2.5.4/spring-boot-starter-test-2.5.4.jar:/home/marley/.m2/repository/org/springframework/boot/spring-boot-test/2.5.4/spring-boot-test-2.5.4.jar:/home/marley/.m2/repository/org/springframework/boot/spring-boot-test-autoconfigure/2.5.4/spring-boot-test-autoconfigure-2.5.4.jar:/home/marley/.m2/repository/com/jayway/jsonpath/json-path/2.5.0/json-path-2.5.0.jar:/home/marley/.m2/repository/net/minidev/json-smart/2.4.7/json-smart-2.4.7.jar:/home/marley/.m2/repository/net/minidev/accessors-smart/2.4.7/accessors-smart-2.4.7.jar:/home/marley/.m2/repository/org/ow2/asm/asm/7.1/asm-7.1.jar:/home/marley/.m2/repository/jakarta/xml/bind/jakarta.xml.bind-api/2.3.3/jakarta.xml.bind-api-2.3.3.jar:/home/marley/.m2/repository/jakarta/activation/jakarta.activation-api/1.2.2/jakarta.activation-api-1.2.2.jar:/home/marley/.m2/repository/org/assertj/assertj-core/3.19.0/assertj-core-3.19.0.jar:/home/marley/.m2/repository/org/hamcrest/hamcrest/2.2/hamcrest-2.2.jar:/home/marley/.m2/repository/org/junit/jupiter/junit-jupiter/5.7.2/junit-jupiter-5.7.2.jar:/home/marley/.m2/repository/org/junit/jupiter/junit-jupiter-api/5.7.2/junit-jupiter-api-5.7.2.jar:/home/marley/.m2/repository/org/junit/jupiter/junit-jupiter-params/5.7.2/junit-jupiter-params-5.7.2.jar:/home/marley/.m2/repository/org/junit/jupiter/junit-jupiter-engine/5.7.2/junit-jupiter-engine-5.7.2.jar:/home/marley/.m2/repository/org/mockito/mockito-core/3.9.0/mockito-core-3.9.0.jar:/home/marley/.m2/repository/net/bytebuddy/byte-buddy/1.10.22/byte-buddy-1.10.22.jar:/home/marley/.m2/repository/net/bytebuddy/byte-buddy-agent/1.10.22/byte-buddy-agent-1.10.22.jar:/home/marley/.m2/repository/org/objenesis/objenesis/3.2/objenesis-3.2.jar:/home/marley/.m2/repository/org/mockito/mockito-junit-jupiter/3.9.0/mockito-junit-jupiter-3.9.0.jar:/home/marley/.m2/repository/org/skyscreamer/jsonassert/1.5.0/jsonassert-1.5.0.jar:/home/marley/.m2/repository/com/vaadin/external/google/android-json/0.0.20131108.vaadin1/android-json-0.0.20131108.vaadin1.jar:/home/marley/.m2/repository/org/springframework/spring-test/5.3.9/spring-test-5.3.9.jar:/home/marley/.m2/repository/org/xmlunit/xmlunit-core/2.8.2/xmlunit-core-2.8.2.jar:/home/marley/.m2/repository/org/springframework/cloud/spring-cloud-starter-netflix-eureka-server/3.0.3/spring-cloud-starter-netflix-eureka-server-3.0.3.jar:/home/marley/.m2/repository/org/springframework/cloud/spring-cloud-starter/3.0.3/spring-cloud-starter-3.0.3.jar:/home/marley/.m2/repository/org/springframework/security/spring-security-rsa/1.0.10.RELEASE/spring-security-rsa-1.0.10.RELEASE.jar:/home/marley/.m2/repository/org/springframework/cloud/spring-cloud-netflix-eureka-server/3.0.3/spring-cloud-netflix-eureka-server-3.0.3.jar:/home/marley/.m2/repository/org/springframework/boot/spring-boot-starter-freemarker/2.5.4/spring-boot-starter-freemarker-2.5.4.jar:/home/marley/.m2/repository/org/freemarker/freemarker/2.3.31/freemarker-2.3.31.jar:/home/marley/.m2/repository/org/springframework/spring-context-support/5.3.9/spring-context-support-5.3.9.jar:/home/marley/.m2/repository/com/sun/jersey/jersey-servlet/1.19.4/jersey-servlet-1.19.4.jar:/home/marley/.m2/repository/com/sun/jersey/jersey-server/1.19.4/jersey-server-1.19.4.jar:/home/marley/.m2/repository/com/netflix/eureka/eureka-core/1.10.14/eureka-core-1.10.14.jar:/home/marley/.m2/repository/com/fasterxml/woodstox/woodstox-core/6.1.1/woodstox-core-6.1.1.jar:/home/marley/.m2/repository/com/fasterxml/jackson/dataformat/jackson-dataformat-xml/2.12.4/jackson-dataformat-xml-2.12.4.jar:/home/marley/.m2/repository/com/fasterxml/jackson/module/jackson-module-jaxb-annotations/2.12.4/jackson-module-jaxb-annotations-2.12.4.jar:/home/marley/.m2/repository/org/codehaus/woodstox/stax2-api/4.2/stax2-api-4.2.jar:/home/marley/.m2/repository/org/springframework/cloud/spring-cloud-starter-loadbalancer/3.0.3/spring-cloud-starter-loadbalancer-3.0.3.jar:/home/marley/.m2/repository/org/springframework/boot/spring-boot-starter-cache/2.5.4/spring-boot-starter-cache-2.5.4.jar:/home/marley/.m2/repository/com/stoyanr/evictor/1.0.0/evictor-1.0.0.jar:/home/marley/.m2/repository/org/glassfish/jaxb/jaxb-runtime/2.3.5/jaxb-runtime-2.3.5.jar:/home/marley/.m2/repository/org/glassfish/jaxb/txw2/2.3.5/txw2-2.3.5.jar:/home/marley/.m2/repository/com/sun/istack/istack-commons-runtime/3.0.12/istack-commons-runtime-3.0.12.jar:/home/marley/.m2/repository/com/sun/activation/jakarta.activation/1.2.2/jakarta.activation-1.2.2.jar:/home/marley/.m2/repository/org/springframework/security/spring-security-test/5.5.2/spring-security-test-5.5.2.jar:/home/marley/.m2/repository/org/springframework/security/spring-security-core/5.5.2/spring-security-core-5.5.2.jar:/home/marley/.m2/repository/org/springframework/security/spring-security-crypto/5.5.2/spring-security-crypto-5.5.2.jar:/home/marley/.m2/repository/org/springframework/spring-expression/5.3.9/spring-expression-5.3.9.jar:/home/marley/.m2/repository/org/springframework/security/spring-security-web/5.5.2/spring-security-web-5.5.2.jar:/home/marley/.m2/repository/org/liquibase/liquibase-core/4.3.5/liquibase-core-4.3.5.jar:/home/marley/.m2/repository/javax/xml/bind/jaxb-api/2.3.1/jaxb-api-2.3.1.jar:/home/marley/.m2/repository/javax/activation/javax.activation-api/1.2.0/javax.activation-api-1.2.0.jar:/home/marley/.m2/repository/com/h2database/h2/1.4.200/h2-1.4.200.jar:/home/marley/.m2/repository/com/tngtech/archunit/archunit/0.13.1/archunit-0.13.1.jar:/home/marley/.m2/repository/org/slf4j/slf4j-api/1.7.25/slf4j-api-1.7.25.jar:/home/marley/.m2/repository/ru/diasoft/micro/archetype-tests/1.01.07-21072801/archetype-tests-1.01.07-21072801.jar:/home/marley/.m2/repository/ru/diasoft/micro/reactive-starter/1.19.01-21032201/reactive-starter-1.19.01-21032201.jar:/home/marley/.m2/repository/org/springframework/boot/spring-boot-starter-webflux/2.5.4/spring-boot-starter-webflux-2.5.4.jar:/home/marley/.m2/repository/org/springframework/boot/spring-boot-starter-reactor-netty/2.5.4/spring-boot-starter-reactor-netty-2.5.4.jar:/home/marley/.m2/repository/io/projectreactor/netty/reactor-netty-http/1.0.10/reactor-netty-http-1.0.10.jar:/home/marley/.m2/repository/io/netty/netty-codec-http/4.1.67.Final/netty-codec-http-4.1.67.Final.jar:/home/marley/.m2/repository/io/netty/netty-common/4.1.67.Final/netty-common-4.1.67.Final.jar:/home/marley/.m2/repository/io/netty/netty-buffer/4.1.67.Final/netty-buffer-4.1.67.Final.jar:/home/marley/.m2/repository/io/netty/netty-transport/4.1.67.Final/netty-transport-4.1.67.Final.jar:/home/marley/.m2/repository/io/netty/netty-codec/4.1.67.Final/netty-codec-4.1.67.Final.jar:/home/marley/.m2/repository/io/netty/netty-handler/4.1.67.Final/netty-handler-4.1.67.Final.jar:/home/marley/.m2/repository/io/netty/netty-codec-http2/4.1.67.Final/netty-codec-http2-4.1.67.Final.jar:/home/marley/.m2/repository/io/netty/netty-resolver-dns/4.1.67.Final/netty-resolver-dns-4.1.67.Final.jar:/home/marley/.m2/repository/io/netty/netty-resolver/4.1.67.Final/netty-resolver-4.1.67.Final.jar:/home/marley/.m2/repository/io/netty/netty-codec-dns/4.1.67.Final/netty-codec-dns-4.1.67.Final.jar:/home/marley/.m2/repository/io/netty/netty-resolver-dns-native-macos/4.1.67.Final/netty-resolver-dns-native-macos-4.1.67.Final-osx-x86_64.jar:/home/marley/.m2/repository/io/netty/netty-transport-native-unix-common/4.1.67.Final/netty-transport-native-unix-common-4.1.67.Final.jar:/home/marley/.m2/repository/io/netty/netty-transport-native-epoll/4.1.67.Final/netty-transport-native-epoll-4.1.67.Final-linux-x86_64.jar:/home/marley/.m2/repository/io/projectreactor/netty/reactor-netty-core/1.0.10/reactor-netty-core-1.0.10.jar:/home/marley/.m2/repository/io/netty/netty-handler-proxy/4.1.67.Final/netty-handler-proxy-4.1.67.Final.jar:/home/marley/.m2/repository/io/netty/netty-codec-socks/4.1.67.Final/netty-codec-socks-4.1.67.Final.jar:/home/marley/.m2/repository/org/springframework/spring-webflux/5.3.9/spring-webflux-5.3.9.jar:/home/marley/.m2/repository/ru/diasoft/micro/rest-starter/2.05.01-22060801/rest-starter-2.05.01-22060801.jar:/home/marley/.m2/repository/ru/diasoft/flextera/dstrace-spring-boot-starter-rest/4.01.04-22010401/dstrace-spring-boot-starter-rest-4.01.04-22010401.jar:/home/marley/.m2/repository/com/zaxxer/HikariCP/4.0.3/HikariCP-4.0.3.jar:/home/marley/.m2/repository/org/springframework/kafka/spring-kafka/2.7.6/spring-kafka-2.7.6.jar:/home/marley/.m2/repository/org/springframework/spring-messaging/5.3.9/spring-messaging-5.3.9.jar:/home/marley/.m2/repository/org/springframework/spring-tx/5.3.9/spring-tx-5.3.9.jar:/home/marley/.m2/repository/org/springframework/retry/spring-retry/1.3.1/spring-retry-1.3.1.jar:/home/marley/.m2/repository/org/apache/kafka/kafka-clients/2.7.1/kafka-clients-2.7.1.jar:/home/marley/.m2/repository/com/github/luben/zstd-jni/1.4.5-6/zstd-jni-1.4.5-6.jar:/home/marley/.m2/repository/org/lz4/lz4-java/1.7.1/lz4-java-1.7.1.jar:/home/marley/.m2/repository/org/xerial/snappy/snappy-java/1.1.7.7/snappy-java-1.1.7.7.jar:/home/marley/.m2/repository/com/google/code/findbugs/jsr305/1.3.9/jsr305-1.3.9.jar:/home/marley/.m2/repository/org/springframework/boot/spring-boot-starter-actuator/2.5.4/spring-boot-starter-actuator-2.5.4.jar:/home/marley/.m2/repository/org/springframework/boot/spring-boot-actuator-autoconfigure/2.5.4/spring-boot-actuator-autoconfigure-2.5.4.jar:/home/marley/.m2/repository/org/springframework/boot/spring-boot-actuator/2.5.4/spring-boot-actuator-2.5.4.jar:/home/marley/.m2/repository/ru/diasoft/micro/mdp/lib/qoauth/9.07.01-22060601-spring254/qoauth-9.07.01-22060601-spring254.jar:/home/marley/.m2/repository/org/springframework/security/oauth/spring-security-oauth2/2.5.1.RELEASE/spring-security-oauth2-2.5.1.RELEASE.jar:/home/marley/.m2/repository/org/springframework/security/spring-security-config/5.5.2/spring-security-config-5.5.2.jar:/home/marley/.m2/repository/org/springframework/security/oauth/boot/spring-security-oauth2-autoconfigure/2.1.2.RELEASE/spring-security-oauth2-autoconfigure-2.1.2.RELEASE.jar:/home/marley/.m2/repository/com/sun/xml/bind/jaxb-core/2.3.0.1/jaxb-core-2.3.0.1.jar:/home/marley/.m2/repository/com/sun/xml/bind/jaxb-impl/2.3.0.1/jaxb-impl-2.3.0.1.jar:/home/marley/.m2/repository/org/springframework/security/spring-security-jwt/1.0.9.RELEASE/spring-security-jwt-1.0.9.RELEASE.jar:/home/marley/.m2/repository/ru/diasoft/micro/swagger-starter/2.05.01-22060801/swagger-starter-2.05.01-22060801.jar:/home/marley/.m2/repository/io/springfox/springfox-boot-starter/3.0.0/springfox-boot-starter-3.0.0.jar:/home/marley/.m2/repository/io/springfox/springfox-oas/3.0.0/springfox-oas-3.0.0.jar:/home/marley/.m2/repository/io/swagger/core/v3/swagger-annotations/2.1.2/swagger-annotations-2.1.2.jar:/home/marley/.m2/repository/io/swagger/core/v3/swagger-models/2.1.2/swagger-models-2.1.2.jar:/home/marley/.m2/repository/io/springfox/springfox-spi/3.0.0/springfox-spi-3.0.0.jar:/home/marley/.m2/repository/io/springfox/springfox-schema/3.0.0/springfox-schema-3.0.0.jar:/home/marley/.m2/repository/io/springfox/springfox-core/3.0.0/springfox-core-3.0.0.jar:/home/marley/.m2/repository/io/springfox/springfox-spring-web/3.0.0/springfox-spring-web-3.0.0.jar:/home/marley/.m2/repository/io/github/classgraph/classgraph/4.8.83/classgraph-4.8.83.jar:/home/marley/.m2/repository/io/springfox/springfox-spring-webmvc/3.0.0/springfox-spring-webmvc-3.0.0.jar:/home/marley/.m2/repository/io/springfox/springfox-spring-webflux/3.0.0/springfox-spring-webflux-3.0.0.jar:/home/marley/.m2/repository/io/springfox/springfox-swagger-common/3.0.0/springfox-swagger-common-3.0.0.jar:/home/marley/.m2/repository/io/springfox/springfox-data-rest/3.0.0/springfox-data-rest-3.0.0.jar:/home/marley/.m2/repository/io/springfox/springfox-bean-validators/3.0.0/springfox-bean-validators-3.0.0.jar:/home/marley/.m2/repository/io/springfox/springfox-swagger2/3.0.0/springfox-swagger2-3.0.0.jar:/home/marley/.m2/repository/io/swagger/swagger-models/1.5.20/swagger-models-1.5.20.jar:/home/marley/.m2/repository/io/springfox/springfox-swagger-ui/3.0.0/springfox-swagger-ui-3.0.0.jar:/home/marley/.m2/repository/com/fasterxml/classmate/1.5.1/classmate-1.5.1.jar:/home/marley/.m2/repository/org/springframework/plugin/spring-plugin-core/2.0.0.RELEASE/spring-plugin-core-2.0.0.RELEASE.jar:/home/marley/.m2/repository/org/springframework/plugin/spring-plugin-metadata/2.0.0.RELEASE/spring-plugin-metadata-2.0.0.RELEASE.jar:/home/marley/.m2/repository/de/codecentric/chaos-monkey-spring-boot/2.2.0/chaos-monkey-spring-boot-2.2.0.jar:/home/marley/.m2/repository/org/springframework/spring-aspects/5.3.9/spring-aspects-5.3.9.jar:/home/marley/.m2/repository/org/springframework/spring-instrument/5.3.9/spring-instrument-5.3.9.jar:/home/marley/.m2/repository/org/aspectj/aspectjweaver/1.9.7/aspectjweaver-1.9.7.jar:/home/marley/.m2/repository/org/springframework/boot/spring-boot-configuration-processor/2.5.4/spring-boot-configuration-processor-2.5.4.jar:',
		'java.vm.specification.name' = 'Java Virtual Machine Specification',
		'java.vm.specification.version' = '1.8',
		'sun.cpu.endian' = 'little',
		'sun.os.patch.level' = 'unknown',
		'java.awt.headless' = 'true',
		'surefire.test.class.path' = '/home/marley/projects/dev/diasoft/diasoft-microservices-spring-basics/apps/app13/demo/service/target/test-classes:/home/marley/projects/dev/diasoft/diasoft-microservices-spring-basics/apps/app13/demo/service/target/classes:/home/marley/.m2/repository/org/springframework/boot/spring-boot-starter/2.5.4/spring-boot-starter-2.5.4.jar:/home/marley/.m2/repository/org/springframework/boot/spring-boot/2.5.4/spring-boot-2.5.4.jar:/home/marley/.m2/repository/org/springframework/spring-context/5.3.9/spring-context-5.3.9.jar:/home/marley/.m2/repository/org/springframework/boot/spring-boot-autoconfigure/2.5.4/spring-boot-autoconfigure-2.5.4.jar:/home/marley/.m2/repository/jakarta/annotation/jakarta.annotation-api/1.3.5/jakarta.annotation-api-1.3.5.jar:/home/marley/.m2/repository/org/springframework/spring-core/5.3.9/spring-core-5.3.9.jar:/home/marley/.m2/repository/org/springframework/spring-jcl/5.3.9/spring-jcl-5.3.9.jar:/home/marley/.m2/repository/org/yaml/snakeyaml/1.28/snakeyaml-1.28.jar:/home/marley/.m2/repository/ru/diasoft/micro/core-starter/2.05.01-22060801/core-starter-2.05.01-22060801.jar:/home/marley/.m2/repository/org/springframework/boot/spring-boot-starter-json/2.5.4/spring-boot-starter-json-2.5.4.jar:/home/marley/.m2/repository/com/fasterxml/jackson/datatype/jackson-datatype-jdk8/2.12.4/jackson-datatype-jdk8-2.12.4.jar:/home/marley/.m2/repository/com/fasterxml/jackson/datatype/jackson-datatype-jsr310/2.12.4/jackson-datatype-jsr310-2.12.4.jar:/home/marley/.m2/repository/com/fasterxml/jackson/module/jackson-module-parameter-names/2.12.4/jackson-module-parameter-names-2.12.4.jar:/home/marley/.m2/repository/org/springframework/cloud/spring-cloud-starter-oauth2/2.2.2.RELEASE/spring-cloud-starter-oauth2-2.2.2.RELEASE.jar:/home/marley/.m2/repository/org/springframework/cloud/spring-cloud-starter-security/2.2.2.RELEASE/spring-cloud-starter-security-2.2.2.RELEASE.jar:/home/marley/.m2/repository/org/springframework/cloud/spring-cloud-security/2.2.2.RELEASE/spring-cloud-security-2.2.2.RELEASE.jar:/home/marley/.m2/repository/org/springframework/boot/spring-boot-starter-security/2.5.4/spring-boot-starter-security-2.5.4.jar:/home/marley/.m2/repository/ru/diasoft/digitalq/dslogging-spring-boot-starter/1.06.05-22060901/dslogging-spring-boot-starter-1.06.05-22060901.jar:/home/marley/.m2/repository/ru/diasoft/digitalq/dslogging/1.06.05-22060901/dslogging-1.06.05-22060901.jar:/home/marley/.m2/repository/ru/diasoft/digitalq/dslogging-log4j2/1.06.05-22060901/dslogging-log4j2-1.06.05-22060901.jar:/home/marley/.m2/repository/ru/diasoft/flextera/dstrace/4.01.04-22010401/dstrace-4.01.04-22010401.jar:/home/marley/.m2/repository/commons-io/commons-io/2.5/commons-io-2.5.jar:/home/marley/.m2/repository/com/lmax/disruptor/3.4.2/disruptor-3.4.2.jar:/home/marley/.m2/repository/biz/paluch/logging/logstash-gelf/1.14.0/logstash-gelf-1.14.0.jar:/home/marley/.m2/repository/org/apache/logging/log4j/log4j-api/2.17.1/log4j-api-2.17.1.jar:/home/marley/.m2/repository/org/apache/logging/log4j/log4j-slf4j-impl/2.17.1/log4j-slf4j-impl-2.17.1.jar:/home/marley/.m2/repository/org/apache/logging/log4j/log4j-jul/2.17.1/log4j-jul-2.17.1.jar:/home/marley/.m2/repository/org/apache/logging/log4j/log4j-spring-cloud-config-client/2.17.1/log4j-spring-cloud-config-client-2.17.1.jar:/home/marley/.m2/repository/org/apache/logging/log4j/log4j-spring-boot/2.17.1/log4j-spring-boot-2.17.1.jar:/home/marley/.m2/repository/org/springframework/cloud/spring-cloud-starter-bootstrap/3.0.3/spring-cloud-starter-bootstrap-3.0.3.jar:/home/marley/.m2/repository/org/springframework/cloud/spring-cloud-config-client/3.0.4/spring-cloud-config-client-3.0.4.jar:/home/marley/.m2/repository/commons-logging/commons-logging/1.2/commons-logging-1.2.jar:/home/marley/.m2/repository/org/apache/logging/log4j/log4j-docker/2.17.1/log4j-docker-2.17.1.jar:/home/marley/.m2/repository/org/apache/commons/commons-lang3/3.12.0/commons-lang3-3.12.0.jar:/home/marley/.m2/repository/ru/diasoft/micro/jpa-starter/2.05.01-22060801/jpa-starter-2.05.01-22060801.jar:/home/marley/.m2/repository/org/springframework/boot/spring-boot-starter-data-jpa/2.5.4/spring-boot-starter-data-jpa-2.5.4.jar:/home/marley/.m2/repository/org/springframework/boot/spring-boot-starter-jdbc/2.5.4/spring-boot-starter-jdbc-2.5.4.jar:/home/marley/.m2/repository/org/springframework/spring-jdbc/5.3.9/spring-jdbc-5.3.9.jar:/home/marley/.m2/repository/jakarta/transaction/jakarta.transaction-api/1.3.3/jakarta.transaction-api-1.3.3.jar:/home/marley/.m2/repository/jakarta/persistence/jakarta.persistence-api/2.2.3/jakarta.persistence-api-2.2.3.jar:/home/marley/.m2/repository/org/hibernate/hibernate-core/5.4.32.Final/hibernate-core-5.4.32.Final.jar:/home/marley/.m2/repository/org/jboss/logging/jboss-logging/3.4.2.Final/jboss-logging-3.4.2.Final.jar:/home/marley/.m2/repository/org/javassist/javassist/3.23.2-GA/javassist-3.23.2-GA.jar:/home/marley/.m2/repository/antlr/antlr/2.7.7/antlr-2.7.7.jar:/home/marley/.m2/repository/org/jboss/jandex/2.2.3.Final/jandex-2.2.3.Final.jar:/home/marley/.m2/repository/org/dom4j/dom4j/2.1.3/dom4j-2.1.3.jar:/home/marley/.m2/repository/org/hibernate/common/hibernate-commons-annotations/5.1.2.Final/hibernate-commons-annotations-5.1.2.Final.jar:/home/marley/.m2/repository/org/springframework/data/spring-data-jpa/2.5.4/spring-data-jpa-2.5.4.jar:/home/marley/.m2/repository/org/springframework/data/spring-data-commons/2.5.4/spring-data-commons-2.5.4.jar:/home/marley/.m2/repository/org/springframework/spring-orm/5.3.9/spring-orm-5.3.9.jar:/home/marley/.m2/repository/ru/diasoft/flextera/dstrace-spring-boot-starter-jpa/4.01.04-22010401/dstrace-spring-boot-starter-jpa-4.01.04-22010401.jar:/home/marley/.m2/repository/ru/diasoft/flextera/dstrace-spring-boot-starter/4.01.04-22010401/dstrace-spring-boot-starter-4.01.04-22010401.jar:/home/marley/.m2/repository/ru/diasoft/flextera/dstrace-brave/4.01.04-22010401/dstrace-brave-4.01.04-22010401.jar:/home/marley/.m2/repository/io/zipkin/brave/brave/5.13.2/brave-5.13.2.jar:/home/marley/.m2/repository/io/zipkin/reporter2/zipkin-reporter-brave/2.16.1/zipkin-reporter-brave-2.16.1.jar:/home/marley/.m2/repository/org/springframework/cloud/spring-cloud-starter-zipkin/2.2.3.RELEASE/spring-cloud-starter-zipkin-2.2.3.RELEASE.jar:/home/marley/.m2/repository/org/springframework/cloud/spring-cloud-starter-sleuth/3.0.3/spring-cloud-starter-sleuth-3.0.3.jar:/home/marley/.m2/repository/org/springframework/cloud/spring-cloud-sleuth-autoconfigure/3.0.3/spring-cloud-sleuth-autoconfigure-3.0.3.jar:/home/marley/.m2/repository/org/aspectj/aspectjrt/1.9.7/aspectjrt-1.9.7.jar:/home/marley/.m2/repository/org/springframework/cloud/spring-cloud-sleuth-brave/3.0.3/spring-cloud-sleuth-brave-3.0.3.jar:/home/marley/.m2/repository/io/zipkin/brave/brave-context-slf4j/5.13.2/brave-context-slf4j-5.13.2.jar:/home/marley/.m2/repository/io/zipkin/brave/brave-instrumentation-messaging/5.13.2/brave-instrumentation-messaging-5.13.2.jar:/home/marley/.m2/repository/io/zipkin/brave/brave-instrumentation-rpc/5.13.2/brave-instrumentation-rpc-5.13.2.jar:/home/marley/.m2/repository/io/zipkin/brave/brave-instrumentation-spring-rabbit/5.13.2/brave-instrumentation-spring-rabbit-5.13.2.jar:/home/marley/.m2/repository/io/zipkin/brave/brave-instrumentation-kafka-clients/5.13.2/brave-instrumentation-kafka-clients-5.13.2.jar:/home/marley/.m2/repository/io/zipkin/brave/brave-instrumentation-kafka-streams/5.13.2/brave-instrumentation-kafka-streams-5.13.2.jar:/home/marley/.m2/repository/io/zipkin/brave/brave-instrumentation-httpclient/5.13.2/brave-instrumentation-httpclient-5.13.2.jar:/home/marley/.m2/repository/io/zipkin/brave/brave-instrumentation-http/5.13.2/brave-instrumentation-http-5.13.2.jar:/home/marley/.m2/repository/io/zipkin/brave/brave-instrumentation-httpasyncclient/5.13.2/brave-instrumentation-httpasyncclient-5.13.2.jar:/home/marley/.m2/repository/io/zipkin/brave/brave-instrumentation-jms/5.13.2/brave-instrumentation-jms-5.13.2.jar:/home/marley/.m2/repository/io/zipkin/brave/brave-instrumentation-mongodb/5.13.2/brave-instrumentation-mongodb-5.13.2.jar:/home/marley/.m2/repository/io/zipkin/aws/brave-propagation-aws/0.21.3/brave-propagation-aws-0.21.3.jar:/home/marley/.m2/repository/io/zipkin/reporter2/zipkin-reporter-metrics-micrometer/2.16.1/zipkin-reporter-metrics-micrometer-2.16.1.jar:/home/marley/.m2/repository/org/springframework/cloud/spring-cloud-sleuth-zipkin/3.0.3/spring-cloud-sleuth-zipkin-3.0.3.jar:/home/marley/.m2/repository/org/springframework/cloud/spring-cloud-sleuth-instrumentation/3.0.3/spring-cloud-sleuth-instrumentation-3.0.3.jar:/home/marley/.m2/repository/org/springframework/cloud/spring-cloud-sleuth-api/3.0.3/spring-cloud-sleuth-api-3.0.3.jar:/home/marley/.m2/repository/io/zipkin/zipkin2/zipkin/2.23.0/zipkin-2.23.0.jar:/home/marley/.m2/repository/io/zipkin/reporter2/zipkin-reporter/2.16.1/zipkin-reporter-2.16.1.jar:/home/marley/.m2/repository/io/zipkin/reporter2/zipkin-sender-kafka/2.16.1/zipkin-sender-kafka-2.16.1.jar:/home/marley/.m2/repository/io/zipkin/reporter2/zipkin-sender-activemq-client/2.16.1/zipkin-sender-activemq-client-2.16.1.jar:/home/marley/.m2/repository/io/zipkin/reporter2/zipkin-sender-amqp-client/2.16.1/zipkin-sender-amqp-client-2.16.1.jar:/home/marley/.m2/repository/net/ttddyy/datasource-proxy/1.7/datasource-proxy-1.7.jar:/home/marley/.m2/repository/com/querydsl/querydsl-apt/4.4.0/querydsl-apt-4.4.0.jar:/home/marley/.m2/repository/com/querydsl/querydsl-jpa/4.4.0/querydsl-jpa-4.4.0.jar:/home/marley/.m2/repository/com/querydsl/querydsl-core/4.4.0/querydsl-core-4.4.0.jar:/home/marley/.m2/repository/com/mysema/commons/mysema-commons-lang/0.2.4/mysema-commons-lang-0.2.4.jar:/home/marley/.m2/repository/com/infradna/tool/bridge-method-annotation/1.13/bridge-method-annotation-1.13.jar:/home/marley/.m2/repository/javax/inject/javax.inject/1/javax.inject-1.jar:/home/marley/.m2/repository/com/querydsl/querydsl-codegen/4.2.2/querydsl-codegen-4.2.2.jar:/home/marley/.m2/repository/com/mysema/codegen/codegen/0.6.8/codegen-0.6.8.jar:/home/marley/.m2/repository/org/eclipse/jdt/core/compiler/ecj/4.3.1/ecj-4.3.1.jar:/home/marley/.m2/repository/org/reflections/reflections/0.9.9/reflections-0.9.9.jar:/home/marley/.m2/repository/com/google/code/findbugs/annotations/2.0.1/annotations-2.0.1.jar:/home/marley/.m2/repository/ru/diasoft/micro/mdp/lib/mdpquerydsl/9.04.06-21060101/mdpquerydsl-9.04.06-21060101.jar:/home/marley/.m2/repository/com/querydsl/querydsl-collections/4.4.0/querydsl-collections-4.4.0.jar:/home/marley/.m2/repository/org/apache/commons/commons-collections4/4.3/commons-collections4-4.3.jar:/home/marley/.m2/repository/com/google/guava/guava/29.0-android/guava-29.0-android.jar:/home/marley/.m2/repository/com/google/guava/failureaccess/1.0.1/failureaccess-1.0.1.jar:/home/marley/.m2/repository/com/google/guava/listenablefuture/9999.0-empty-to-avoid-conflict-with-guava/listenablefuture-9999.0-empty-to-avoid-conflict-with-guava.jar:/home/marley/.m2/repository/org/checkerframework/checker-compat-qual/2.5.5/checker-compat-qual-2.5.5.jar:/home/marley/.m2/repository/com/google/errorprone/error_prone_annotations/2.3.4/error_prone_annotations-2.3.4.jar:/home/marley/.m2/repository/com/google/j2objc/j2objc-annotations/1.3/j2objc-annotations-1.3.jar:/home/marley/.m2/repository/org/postgresql/postgresql/42.3.3/postgresql-42.3.3.jar:/home/marley/.m2/repository/org/checkerframework/checker-qual/3.5.0/checker-qual-3.5.0.jar:/home/marley/.m2/repository/net/sourceforge/jtds/jtds/1.3.1/jtds-1.3.1.jar:/home/marley/.m2/repository/com/oracle/database/jdbc/ojdbc8/21.4.0.0.1/ojdbc8-21.4.0.0.1.jar:/home/marley/.m2/repository/com/oracle/ojdbc/orai18n/19.3.0.0/orai18n-19.3.0.0.jar:/home/marley/.m2/repository/com/oracle/database/nls/orai18n/21.4.0.0.1/orai18n-21.4.0.0.1.jar:/home/marley/.m2/repository/ru/diasoft/micro/stream-kafka-starter/2.05.01-22060801/stream-kafka-starter-2.05.01-22060801.jar:/home/marley/.m2/repository/org/springframework/cloud/spring-cloud-starter-stream-kafka/3.1.3/spring-cloud-starter-stream-kafka-3.1.3.jar:/home/marley/.m2/repository/org/springframework/cloud/spring-cloud-stream-binder-kafka/3.1.3/spring-cloud-stream-binder-kafka-3.1.3.jar:/home/marley/.m2/repository/org/springframework/cloud/spring-cloud-stream-binder-kafka-core/3.1.3/spring-cloud-stream-binder-kafka-core-3.1.3.jar:/home/marley/.m2/repository/org/springframework/integration/spring-integration-kafka/5.5.3/spring-integration-kafka-5.5.3.jar:/home/marley/.m2/repository/org/springframework/cloud/spring-cloud-stream/3.1.3/spring-cloud-stream-3.1.3.jar:/home/marley/.m2/repository/org/springframework/integration/spring-integration-core/5.5.3/spring-integration-core-5.5.3.jar:/home/marley/.m2/repository/org/springframework/integration/spring-integration-jmx/5.5.3/spring-integration-jmx-5.5.3.jar:/home/marley/.m2/repository/org/springframework/cloud/spring-cloud-function-context/3.1.3/spring-cloud-function-context-3.1.3.jar:/home/marley/.m2/repository/net/jodah/typetools/0.6.2/typetools-0.6.2.jar:/home/marley/.m2/repository/org/springframework/cloud/spring-cloud-function-core/3.1.3/spring-cloud-function-core-3.1.3.jar:/home/marley/.m2/repository/ru/diasoft/flextera/dstrace-spring-boot-starter-cloud-stream/4.01.04-22010401/dstrace-spring-boot-starter-cloud-stream-4.01.04-22010401.jar:/home/marley/.m2/repository/ru/diasoft/micro/feign-starter/2.05.01-22060801/feign-starter-2.05.01-22060801.jar:/home/marley/.m2/repository/org/springframework/cloud/spring-cloud-starter-openfeign/3.0.3/spring-cloud-starter-openfeign-3.0.3.jar:/home/marley/.m2/repository/org/springframework/cloud/spring-cloud-openfeign-core/3.0.3/spring-cloud-openfeign-core-3.0.3.jar:/home/marley/.m2/repository/io/github/openfeign/form/feign-form-spring/3.8.0/feign-form-spring-3.8.0.jar:/home/marley/.m2/repository/io/github/openfeign/form/feign-form/3.8.0/feign-form-3.8.0.jar:/home/marley/.m2/repository/commons-fileupload/commons-fileupload/1.4/commons-fileupload-1.4.jar:/home/marley/.m2/repository/org/springframework/cloud/spring-cloud-commons/3.0.3/spring-cloud-commons-3.0.3.jar:/home/marley/.m2/repository/io/github/openfeign/feign-core/10.12/feign-core-10.12.jar:/home/marley/.m2/repository/io/github/openfeign/feign-slf4j/10.12/feign-slf4j-10.12.jar:/home/marley/.m2/repository/ru/diasoft/flextera/dstrace-spring-boot-starter-feign/4.01.04-22010401/dstrace-spring-boot-starter-feign-4.01.04-22010401.jar:/home/marley/.m2/repository/ru/diasoft/micro/mdp/lib/mdpribbon/9.05.01-22061501-spring-254/mdpribbon-9.05.01-22061501-spring-254.jar:/home/marley/.m2/repository/ru/diasoft/micro/mdp/lib/mdpcache/9.05.01-21122301/mdpcache-9.05.01-21122301.jar:/home/marley/.m2/repository/org/springframework/cloud/spring-cloud-loadbalancer/3.0.3/spring-cloud-loadbalancer-3.0.3.jar:/home/marley/.m2/repository/org/springframework/cloud/spring-cloud-context/3.0.3/spring-cloud-context-3.0.3.jar:/home/marley/.m2/repository/org/springframework/boot/spring-boot-starter-validation/2.5.4/spring-boot-starter-validation-2.5.4.jar:/home/marley/.m2/repository/org/apache/tomcat/embed/tomcat-embed-el/9.0.52/tomcat-embed-el-9.0.52.jar:/home/marley/.m2/repository/org/hibernate/validator/hibernate-validator/6.2.0.Final/hibernate-validator-6.2.0.Final.jar:/home/marley/.m2/repository/jakarta/validation/jakarta.validation-api/2.0.2/jakarta.validation-api-2.0.2.jar:/home/marley/.m2/repository/io/projectreactor/reactor-core/3.4.9/reactor-core-3.4.9.jar:/home/marley/.m2/repository/org/reactivestreams/reactive-streams/1.0.3/reactive-streams-1.0.3.jar:/home/marley/.m2/repository/io/projectreactor/addons/reactor-extra/3.4.4/reactor-extra-3.4.4.jar:/home/marley/.m2/repository/org/springframework/cloud/spring-cloud-netflix-eureka-client/3.0.3/spring-cloud-netflix-eureka-client-3.0.3.jar:/home/marley/.m2/repository/com/netflix/eureka/eureka-client/1.10.14/eureka-client-1.10.14.jar:/home/marley/.m2/repository/com/netflix/netflix-commons/netflix-eventbus/0.3.0/netflix-eventbus-0.3.0.jar:/home/marley/.m2/repository/com/netflix/netflix-commons/netflix-infix/0.3.0/netflix-infix-0.3.0.jar:/home/marley/.m2/repository/commons-jxpath/commons-jxpath/1.3/commons-jxpath-1.3.jar:/home/marley/.m2/repository/org/antlr/antlr-runtime/3.4/antlr-runtime-3.4.jar:/home/marley/.m2/repository/org/antlr/stringtemplate/3.2.1/stringtemplate-3.2.1.jar:/home/marley/.m2/repository/org/apache/commons/commons-math/2.2/commons-math-2.2.jar:/home/marley/.m2/repository/com/thoughtworks/xstream/xstream/1.4.18/xstream-1.4.18.jar:/home/marley/.m2/repository/io/github/x-stream/mxparser/1.2.2/mxparser-1.2.2.jar:/home/marley/.m2/repository/xmlpull/xmlpull/1.1.3.1/xmlpull-1.1.3.1.jar:/home/marley/.m2/repository/javax/ws/rs/jsr311-api/1.1.1/jsr311-api-1.1.1.jar:/home/marley/.m2/repository/com/netflix/servo/servo-core/0.12.21/servo-core-0.12.21.jar:/home/marley/.m2/repository/com/sun/jersey/jersey-core/1.19.4/jersey-core-1.19.4.jar:/home/marley/.m2/repository/com/sun/jersey/jersey-client/1.19.4/jersey-client-1.19.4.jar:/home/marley/.m2/repository/com/sun/jersey/contribs/jersey-apache-client4/1.19.1/jersey-apache-client4-1.19.1.jar:/home/marley/.m2/repository/commons-configuration/commons-configuration/1.10/commons-configuration-1.10.jar:/home/marley/.m2/repository/commons-lang/commons-lang/2.6/commons-lang-2.6.jar:/home/marley/.m2/repository/com/google/inject/guice/4.1.0/guice-4.1.0.jar:/home/marley/.m2/repository/aopalliance/aopalliance/1.0/aopalliance-1.0.jar:/home/marley/.m2/repository/com/fasterxml/jackson/core/jackson-core/2.12.4/jackson-core-2.12.4.jar:/home/marley/.m2/repository/org/codehaus/jettison/jettison/1.4.0/jettison-1.4.0.jar:/home/marley/.m2/repository/io/kubernetes/client-java/8.0.2/client-java-8.0.2.jar:/home/marley/.m2/repository/io/kubernetes/client-java-api/8.0.2/client-java-api-8.0.2.jar:/home/marley/.m2/repository/io/sundr/builder-annotations/0.21.0/builder-annotations-0.21.0.jar:/home/marley/.m2/repository/io/sundr/sundr-core/0.21.0/sundr-core-0.21.0.jar:/home/marley/.m2/repository/io/sundr/sundr-codegen/0.21.0/sundr-codegen-0.21.0.jar:/home/marley/.m2/repository/io/sundr/resourcecify-annotations/0.21.0/resourcecify-annotations-0.21.0.jar:/home/marley/.m2/repository/javax/annotation/javax.annotation-api/1.3.2/javax.annotation-api-1.3.2.jar:/home/marley/.m2/repository/io/swagger/swagger-annotations/1.5.22/swagger-annotations-1.5.22.jar:/home/marley/.m2/repository/com/squareup/okhttp3/okhttp/3.14.9/okhttp-3.14.9.jar:/home/marley/.m2/repository/com/squareup/okio/okio/1.17.2/okio-1.17.2.jar:/home/marley/.m2/repository/com/squareup/okhttp3/logging-interceptor/3.14.9/logging-interceptor-3.14.9.jar:/home/marley/.m2/repository/com/google/code/gson/gson/2.8.7/gson-2.8.7.jar:/home/marley/.m2/repository/io/gsonfire/gson-fire/1.8.3/gson-fire-1.8.3.jar:/home/marley/.m2/repository/joda-time/joda-time/2.10.5/joda-time-2.10.5.jar:/home/marley/.m2/repository/org/joda/joda-convert/1.2/joda-convert-1.2.jar:/home/marley/.m2/repository/io/kubernetes/client-java-proto/8.0.2/client-java-proto-8.0.2.jar:/home/marley/.m2/repository/org/apache/commons/commons-compress/1.19/commons-compress-1.19.jar:/home/marley/.m2/repository/org/bouncycastle/bcprov-ext-jdk15on/1.64/bcprov-ext-jdk15on-1.64.jar:/home/marley/.m2/repository/org/bouncycastle/bcpkix-jdk15on/1.60/bcpkix-jdk15on-1.60.jar:/home/marley/.m2/repository/org/bouncycastle/bcprov-jdk15on/1.60/bcprov-jdk15on-1.60.jar:/home/marley/.m2/repository/com/google/protobuf/protobuf-java/3.11.4/protobuf-java-3.11.4.jar:/home/marley/.m2/repository/org/bitbucket/b_c/jose4j/0.7.0/jose4j-0.7.0.jar:/home/marley/.m2/repository/org/apache/logging/log4j/log4j-core/2.17.1/log4j-core-2.17.1.jar:/home/marley/.m2/repository/org/apache/httpcomponents/httpclient/4.5.13/httpclient-4.5.13.jar:/home/marley/.m2/repository/org/apache/httpcomponents/httpcore/4.4.14/httpcore-4.4.14.jar:/home/marley/.m2/repository/org/projectlombok/lombok/1.18.20/lombok-1.18.20.jar:/home/marley/.m2/repository/ru/diasoft/digitalq/libs/dqapiexception/1.03.01-21041301/dqapiexception-1.03.01-21041301.jar:/home/marley/.m2/repository/org/springframework/spring-web/5.3.9/spring-web-5.3.9.jar:/home/marley/.m2/repository/org/springframework/spring-beans/5.3.9/spring-beans-5.3.9.jar:/home/marley/.m2/repository/com/fasterxml/jackson/core/jackson-databind/2.12.4/jackson-databind-2.12.4.jar:/home/marley/.m2/repository/javax/validation/validation-api/2.0.1.Final/validation-api-2.0.1.Final.jar:/home/marley/.m2/repository/ru/diasoft/micro/mdp/lib/qpermissioncontrol/9.08.01-22061701/qpermissioncontrol-9.08.01-22061701.jar:/home/marley/.m2/repository/org/springframework/boot/spring-boot-starter-web/2.5.4/spring-boot-starter-web-2.5.4.jar:/home/marley/.m2/repository/org/springframework/boot/spring-boot-starter-tomcat/2.5.4/spring-boot-starter-tomcat-2.5.4.jar:/home/marley/.m2/repository/org/apache/tomcat/embed/tomcat-embed-core/9.0.52/tomcat-embed-core-9.0.52.jar:/home/marley/.m2/repository/org/apache/tomcat/embed/tomcat-embed-websocket/9.0.52/tomcat-embed-websocket-9.0.52.jar:/home/marley/.m2/repository/org/springframework/spring-webmvc/5.3.9/spring-webmvc-5.3.9.jar:/home/marley/.m2/repository/com/fasterxml/jackson/core/jackson-annotations/2.12.4/jackson-annotations-2.12.4.jar:/home/marley/.m2/repository/com/googlecode/json-simple/json-simple/1.1.1/json-simple-1.1.1.jar:/home/marley/.m2/repository/org/json/json/20190722/json-20190722.jar:/home/marley/.m2/repository/ru/diasoft/micro/mdp/lib/mdpexception/9.10.01-astra-22062201/mdpexception-9.10.01-astra-22062201.jar:/home/marley/.m2/repository/ru/diasoft/micro/mdp/lib/mdpid/9.07.01-22042201/mdpid-9.07.01-22042201.jar:/home/marley/.m2/repository/org/wso2/balana/org.wso2.balana/1.2.12.1/org.wso2.balana-1.2.12.1.jar:/home/marley/.m2/repository/org/wso2/balana/org.wso2.balana.utils/1.2.12.1/org.wso2.balana.utils-1.2.12.1.jar:/home/marley/.m2/repository/org/ops4j/pax/logging/pax-logging-api/1.10.1/pax-logging-api-1.10.1.jar:/home/marley/.m2/repository/xerces/wso2/xercesImpl/2.8.1.wso2v2/xercesImpl-2.8.1.wso2v2.jar:/home/marley/.m2/repository/ru/diasoft/micro/mdp/lib/mdpauditlib/9.05.01-21122301/mdpauditlib-9.05.01-21122301.jar:/home/marley/.m2/repository/org/springframework/boot/spring-boot-starter-aop/2.5.4/spring-boot-starter-aop-2.5.4.jar:/home/marley/.m2/repository/org/springframework/spring-aop/5.3.9/spring-aop-5.3.9.jar:/home/marley/.m2/repository/commons-codec/commons-codec/1.15/commons-codec-1.15.jar:/home/marley/.m2/repository/com/ctc/wstx/stax/stax2-api/3.0.2/stax2-api-3.0.2.jar:/home/marley/.m2/repository/com/ctc/wstx/stax/woodstox-core-asl/4.0.8/woodstox-core-asl-4.0.8.jar:/home/marley/.m2/repository/ru/diasoft/micro/mdp/lib/mdpversionslib/9.05.01-21122301/mdpversionslib-9.05.01-21122301.jar:/home/marley/.m2/repository/org/springframework/boot/spring-boot-devtools/2.5.4/spring-boot-devtools-2.5.4.jar:/home/marley/.m2/repository/ru/diasoft/micro/micrometer-starter/2.05.01-22060801/micrometer-starter-2.05.01-22060801.jar:/home/marley/.m2/repository/io/micrometer/micrometer-core/1.7.3/micrometer-core-1.7.3.jar:/home/marley/.m2/repository/org/hdrhistogram/HdrHistogram/2.1.11/HdrHistogram-2.1.11.jar:/home/marley/.m2/repository/org/latencyutils/LatencyUtils/2.0.3/LatencyUtils-2.0.3.jar:/home/marley/.m2/repository/io/micrometer/micrometer-registry-prometheus/1.7.3/micrometer-registry-prometheus-1.7.3.jar:/home/marley/.m2/repository/io/prometheus/simpleclient_common/0.10.0/simpleclient_common-0.10.0.jar:/home/marley/.m2/repository/io/prometheus/simpleclient/0.10.0/simpleclient-0.10.0.jar:/home/marley/.m2/repository/org/mapstruct/mapstruct/1.3.1.Final/mapstruct-1.3.1.Final.jar:/home/marley/.m2/repository/org/junit/vintage/junit-vintage-engine/5.7.2/junit-vintage-engine-5.7.2.jar:/home/marley/.m2/repository/org/apiguardian/apiguardian-api/1.1.0/apiguardian-api-1.1.0.jar:/home/marley/.m2/repository/org/junit/platform/junit-platform-engine/1.7.2/junit-platform-engine-1.7.2.jar:/home/marley/.m2/repository/org/opentest4j/opentest4j/1.2.0/opentest4j-1.2.0.jar:/home/marley/.m2/repository/org/junit/platform/junit-platform-commons/1.7.2/junit-platform-commons-1.7.2.jar:/home/marley/.m2/repository/junit/junit/4.13.2/junit-4.13.2.jar:/home/marley/.m2/repository/org/springframework/boot/spring-boot-starter-test/2.5.4/spring-boot-starter-test-2.5.4.jar:/home/marley/.m2/repository/org/springframework/boot/spring-boot-test/2.5.4/spring-boot-test-2.5.4.jar:/home/marley/.m2/repository/org/springframework/boot/spring-boot-test-autoconfigure/2.5.4/spring-boot-test-autoconfigure-2.5.4.jar:/home/marley/.m2/repository/com/jayway/jsonpath/json-path/2.5.0/json-path-2.5.0.jar:/home/marley/.m2/repository/net/minidev/json-smart/2.4.7/json-smart-2.4.7.jar:/home/marley/.m2/repository/net/minidev/accessors-smart/2.4.7/accessors-smart-2.4.7.jar:/home/marley/.m2/repository/org/ow2/asm/asm/7.1/asm-7.1.jar:/home/marley/.m2/repository/jakarta/xml/bind/jakarta.xml.bind-api/2.3.3/jakarta.xml.bind-api-2.3.3.jar:/home/marley/.m2/repository/jakarta/activation/jakarta.activation-api/1.2.2/jakarta.activation-api-1.2.2.jar:/home/marley/.m2/repository/org/assertj/assertj-core/3.19.0/assertj-core-3.19.0.jar:/home/marley/.m2/repository/org/hamcrest/hamcrest/2.2/hamcrest-2.2.jar:/home/marley/.m2/repository/org/junit/jupiter/junit-jupiter/5.7.2/junit-jupiter-5.7.2.jar:/home/marley/.m2/repository/org/junit/jupiter/junit-jupiter-api/5.7.2/junit-jupiter-api-5.7.2.jar:/home/marley/.m2/repository/org/junit/jupiter/junit-jupiter-params/5.7.2/junit-jupiter-params-5.7.2.jar:/home/marley/.m2/repository/org/junit/jupiter/junit-jupiter-engine/5.7.2/junit-jupiter-engine-5.7.2.jar:/home/marley/.m2/repository/org/mockito/mockito-core/3.9.0/mockito-core-3.9.0.jar:/home/marley/.m2/repository/net/bytebuddy/byte-buddy/1.10.22/byte-buddy-1.10.22.jar:/home/marley/.m2/repository/net/bytebuddy/byte-buddy-agent/1.10.22/byte-buddy-agent-1.10.22.jar:/home/marley/.m2/repository/org/objenesis/objenesis/3.2/objenesis-3.2.jar:/home/marley/.m2/repository/org/mockito/mockito-junit-jupiter/3.9.0/mockito-junit-jupiter-3.9.0.jar:/home/marley/.m2/repository/org/skyscreamer/jsonassert/1.5.0/jsonassert-1.5.0.jar:/home/marley/.m2/repository/com/va
[...]
	error: Provisioning exception encountered for dq-mdp-versions-object-versions-in; nested exception is java.util.concurrent.TimeoutException
	stack: org.springframework.cloud.stream.binder.kafka.provisioning.KafkaTopicProvisioner.createTopic(KafkaTopicProvisioner.java:347)
		at org.springframework.cloud.stream.binder.kafka.provisioning.KafkaTopicProvisioner.provisionProducerDestination(KafkaTopicProvisioner.java:162)
		at org.springframework.cloud.stream.binder.kafka.provisioning.KafkaTopicProvisioner.provisionProducerDestination(KafkaTopicProvisioner.java:86)
		at org.springframework.cloud.stream.binder.AbstractMessageChannelBinder.doBindProducer(AbstractMessageChannelBinder.java:223)
		at org.springframework.cloud.stream.binder.AbstractMessageChannelBinder.doBindProducer(AbstractMessageChannelBinder.java:91)
		at org.springframework.cloud.stream.binder.AbstractBinder.bindProducer(AbstractBinder.java:152)
		at org.springframework.cloud.stream.binding.BindingService.doBindProducer(BindingService.java:320)
		at org.springframework.cloud.stream.binding.BindingService.bindProducer(BindingService.java:285)
		at org.springframework.cloud.stream.binding.BindingService.bindProducer(BindingService.java:294)
		at org.springframework.cloud.stream.binding.BindingService.bindProducer(BindingService.java:298)
		at org.springframework.cloud.stream.binding.AbstractBindableProxyFactory.createAndBindOutputs(AbstractBindableProxyFactory.java:142)
		at org.springframework.cloud.stream.binding.OutputBindingLifecycle.doStartWithBindable(OutputBindingLifecycle.java:58)
		at java.util.LinkedHashMap$LinkedValues.forEach(LinkedHashMap.java:608)
		at org.springframework.cloud.stream.binding.AbstractBindingLifecycle.start(AbstractBindingLifecycle.java:57)
		at org.springframework.cloud.stream.binding.OutputBindingLifecycle.start(OutputBindingLifecycle.java:34)
		at org.springframework.context.support.DefaultLifecycleProcessor.doStart(DefaultLifecycleProcessor.java:178)
		at org.springframework.context.support.DefaultLifecycleProcessor.access$200(DefaultLifecycleProcessor.java:54)
		at org.springframework.context.support.DefaultLifecycleProcessor$LifecycleGroup.start(DefaultLifecycleProcessor.java:356)
		at java.lang.Iterable.forEach(Iterable.java:75)
		at org.springframework.context.support.DefaultLifecycleProcessor.startBeans(DefaultLifecycleProcessor.java:155)
		at org.springframework.context.support.DefaultLifecycleProcessor.onRefresh(DefaultLifecycleProcessor.java:123)
		at org.springframework.context.support.AbstractApplicationContext.finishRefresh(AbstractApplicationContext.java:935)
		at org.springframework.context.support.AbstractApplicationContext.refresh(AbstractApplicationContext.java:586)
		at org.springframework.boot.SpringApplication.refresh(SpringApplication.java:754)
		at org.springframework.boot.SpringApplication.refreshContext(SpringApplication.java:434)
		at org.springframework.boot.SpringApplication.run(SpringApplication.java:338)
		at org.springframework.boot.test.context.SpringBootContextLoader.loadContext(SpringBootContextLoader.java:123)
		at org.springframework.test.context.cache.DefaultCacheAwareContextLoaderDelegate.loadContextInternal(DefaultCacheAwareContextLoaderDelegate.java:99)
		at org.springframework.test.context.cache.DefaultCacheAwareContextLoaderDelegate.loadContext(DefaultCacheAwareContextLoaderDelegate.java:124)
		at org.springframework.test.context.support.DefaultTestContext.getApplicationContext(DefaultTestContext.java:124)
		at org.springframework.test.context.web.ServletTestExecutionListener.setUpRequestContextIfNecessary(ServletTestExecutionListener.java:190)
		at org.springframework.test.context.web.ServletTestExecutionListener.prepareTestInstance(ServletTestExecutionListener.java:132)
		at org.springframework.test.context.TestContextManager.prepareTestInstance(TestContextManager.java:244)
		at org.springframework.test.context.junit4.SpringJUnit4ClassRunner.createTest(SpringJUnit4ClassRunner.java:227)
		at org.springframework.test.context.junit4.SpringJUnit4ClassRunner$1.runReflectiveCall(SpringJUnit4ClassRunner.java:289)
		at org.junit.internal.runners.model.ReflectiveCallable.run(ReflectiveCallable.java:12)
		at org.springframework.test.context.junit4.SpringJUnit4ClassRunner.methodBlock(SpringJUnit4ClassRunner.java:291)
		at org.springframework.test.context.junit4.SpringJUnit4ClassRunner.runChild(SpringJUnit4ClassRunner.java:246)
		at org.springframework.test.context.junit4.SpringJUnit4ClassRunner.runChild(SpringJUnit4ClassRunner.java:97)
		at org.junit.runners.ParentRunner$4.run(ParentRunner.java:331)
		at org.junit.runners.ParentRunner$1.schedule(ParentRunner.java:79)
		at org.junit.runners.ParentRunner.runChildren(ParentRunner.java:329)
		at org.junit.runners.ParentRunner.access$100(ParentRunner.java:66)
		at org.junit.runners.ParentRunner$2.evaluate(ParentRunner.java:293)
		at org.springframework.test.context.junit4.statements.RunBeforeTestClassCallbacks.evaluate(RunBeforeTestClassCallbacks.java:61)
		at org.springframework.test.context.junit4.statements.RunAfterTestClassCallbacks.evaluate(RunAfterTestClassCallbacks.java:70)
		at org.junit.runners.ParentRunner$3.evaluate(ParentRunner.java:306)
		at org.junit.runners.ParentRunner.run(ParentRunner.java:413)
		at org.springframework.test.context.junit4.SpringJUnit4ClassRunner.run(SpringJUnit4ClassRunner.java:190)
		at org.junit.runner.JUnitCore.run(JUnitCore.java:137)
		at org.junit.runner.JUnitCore.run(JUnitCore.java:115)
		at org.junit.vintage.engine.execution.RunnerExecutor.execute(RunnerExecutor.java:43)
		at java.util.stream.ForEachOps$ForEachOp$OfRef.accept(ForEachOps.java:184)
		at java.util.stream.ReferencePipeline$3$1.accept(ReferencePipeline.java:193)
		at java.util.Iterator.forEachRemaining(Iterator.java:116)
		at java.util.Spliterators$IteratorSpliterator.forEachRemaining(Spliterators.java:1801)
		at java.util.stream.AbstractPipeline.copyInto(AbstractPipeline.java:482)
		at java.util.stream.AbstractPipeline.wrapAndCopyInto(AbstractPipeline.java:472)
		at java.util.stream.ForEachOps$ForEachOp.evaluateSequential(ForEachOps.java:151)
		at java.util.stream.ForEachOps$ForEachOp$OfRef.evaluateSequential(ForEachOps.java:174)
		at java.util.stream.AbstractPipeline.evaluate(AbstractPipeline.java:234)
		at java.util.stream.ReferencePipeline.forEach(ReferencePipeline.java:418)
		at org.junit.vintage.engine.VintageTestEngine.executeAllChildren(VintageTestEngine.java:82)
		at org.junit.vintage.engine.VintageTestEngine.execute(VintageTestEngine.java:73)
		at org.junit.platform.launcher.core.EngineExecutionOrchestrator.execute(EngineExecutionOrchestrator.java:108)
		at org.junit.platform.launcher.core.EngineExecutionOrchestrator.execute(EngineExecutionOrchestrator.java:88)
		at org.junit.platform.launcher.core.EngineExecutionOrchestrator.lambda$execute$0(EngineExecutionOrchestrator.java:54)
		at org.junit.platform.launcher.core.EngineExecutionOrchestrator.withInterceptedStreams(EngineExecutionOrchestrator.java:67)
		at org.junit.platform.launcher.core.EngineExecutionOrchestrator.execute(EngineExecutionOrchestrator.java:52)
		at org.junit.platform.launcher.core.DefaultLauncher.execute(DefaultLauncher.java:96)
		at org.junit.platform.launcher.core.DefaultLauncher.execute(DefaultLauncher.java:75)
		at org.apache.maven.surefire.junitplatform.JUnitPlatformProvider.execute(JUnitPlatformProvider.java:188)
		at org.apache.maven.surefire.junitplatform.JUnitPlatformProvider.invokeAllTests(JUnitPlatformProvider.java:154)
		at org.apache.maven.surefire.junitplatform.JUnitPlatformProvider.invoke(JUnitPlatformProvider.java:128)
		at org.apache.maven.surefire.booter.ForkedBooter.runSuitesInProcess(ForkedBooter.java:428)
		at org.apache.maven.surefire.booter.ForkedBooter.execute(ForkedBooter.java:162)
		at org.apache.maven.surefire.booter.ForkedBooter.run(ForkedBooter.java:562)
		at org.apache.maven.surefire.booter.ForkedBooter.main(ForkedBooter.java:548)
	cause[1]: null
	stack: org.apache.kafka.common.internals.KafkaFutureImpl$SingleWaiter.await(KafkaFutureImpl.java:108)
		at org.apache.kafka.common.internals.KafkaFutureImpl.get(KafkaFutureImpl.java:272)
		at org.springframework.cloud.stream.binder.kafka.provisioning.KafkaTopicProvisioner.createTopicAndPartitions(KafkaTopicProvisioner.java:383)
		at org.springframework.cloud.stream.binder.kafka.provisioning.KafkaTopicProvisioner.createTopicIfNecessary(KafkaTopicProvisioner.java:357)
		at org.springframework.cloud.stream.binder.kafka.provisioning.KafkaTopicProvisioner.createTopic(KafkaTopicProvisioner.java:334)
		at org.springframework.cloud.stream.binder.kafka.provisioning.KafkaTopicProvisioner.provisionProducerDestination(KafkaTopicProvisioner.java:162)
		at org.springframework.cloud.stream.binder.kafka.provisioning.KafkaTopicProvisioner.provisionProducerDestination(KafkaTopicProvisioner.java:86)
		at org.springframework.cloud.stream.binder.AbstractMessageChannelBinder.doBindProducer(AbstractMessageChannelBinder.java:223)
		at org.springframework.cloud.stream.binder.AbstractMessageChannelBinder.doBindProducer(AbstractMessageChannelBinder.java:91)
		at org.springframework.cloud.stream.binder.AbstractBinder.bindProducer(AbstractBinder.java:152)
		at org.springframework.cloud.stream.binding.BindingService.doBindProducer(BindingService.java:320)
		at org.springframework.cloud.stream.binding.BindingService.bindProducer(BindingService.java:285)
		at org.springframework.cloud.stream.binding.BindingService.bindProducer(BindingService.java:294)
		at org.springframework.cloud.stream.binding.BindingService.bindProducer(BindingService.java:298)
		at org.springframework.cloud.stream.binding.AbstractBindableProxyFactory.createAndBindOutputs(AbstractBindableProxyFactory.java:142)
		at org.springframework.cloud.stream.binding.OutputBindingLifecycle.doStartWithBindable(OutputBindingLifecycle.java:58)
		at java.util.LinkedHashMap$LinkedValues.forEach(LinkedHashMap.java:608)
		at org.springframework.cloud.stream.binding.AbstractBindingLifecycle.start(AbstractBindingLifecycle.java:57)
		at org.springframework.cloud.stream.binding.OutputBindingLifecycle.start(OutputBindingLifecycle.java:34)
		at org.springframework.context.support.DefaultLifecycleProcessor.doStart(DefaultLifecycleProcessor.java:178)
		at org.springframework.context.support.DefaultLifecycleProcessor.access$200(DefaultLifecycleProcessor.java:54)
		at org.springframework.context.support.DefaultLifecycleProcessor$LifecycleGroup.start(DefaultLifecycleProcessor.java:356)
		at java.lang.Iterable.forEach(Iterable.java:75)
		at org.springframework.context.support.DefaultLifecycleProcessor.startBeans(DefaultLifecycleProcessor.java:155)
		at org.springframework.context.support.DefaultLifecycleProcessor.onRefresh(DefaultLifecycleProcessor.java:123)
		at org.springframework.context.support.AbstractApplicationContext.finishRefresh(AbstractApplicationContext.java:935)
		at org.springframework.context.support.AbstractApplicationContext.refresh(AbstractApplicationContext.java:586)
		at org.springframework.boot.SpringApplication.refresh(SpringApplication.java:754)
		at org.springframework.boot.SpringApplication.refreshContext(SpringApplication.java:434)
		at org.springframework.boot.SpringApplication.run(SpringApplication.java:338)
		at org.springframework.boot.test.context.SpringBootContextLoader.loadContext(SpringBootContextLoader.java:123)
		at org.springframework.test.context.cache.DefaultCacheAwareContextLoaderDelegate.loadContextInternal(DefaultCacheAwareContextLoaderDelegate.java:99)
		at org.springframework.test.context.cache.DefaultCacheAwareContextLoaderDelegate.loadContext(DefaultCacheAwareContextLoaderDelegate.java:124)
		at org.springframework.test.context.support.DefaultTestContext.getApplicationContext(DefaultTestContext.java:124)
		at org.springframework.test.context.web.ServletTestExecutionListener.setUpRequestContextIfNecessary(ServletTestExecutionListener.java:190)
		at org.springframework.test.context.web.ServletTestExecutionListener.prepareTestInstance(ServletTestExecutionListener.java:132)
		at org.springframework.test.context.TestContextManager.prepareTestInstance(TestContextManager.java:244)
		at org.springframework.test.context.junit4.SpringJUnit4ClassRunner.createTest(SpringJUnit4ClassRunner.java:227)
		at org.springframework.test.context.junit4.SpringJUnit4ClassRunner$1.runReflectiveCall(SpringJUnit4ClassRunner.java:289)
		at org.junit.internal.runners.model.ReflectiveCallable.run(ReflectiveCallable.java:12)
		at org.springframework.test.context.junit4.SpringJUnit4ClassRunner.methodBlock(SpringJUnit4ClassRunner.java:291)
		at org.springframework.test.context.junit4.SpringJUnit4ClassRunner.runChild(SpringJUnit4ClassRunner.java:246)
		at org.springframework.test.context.junit4.SpringJUnit4ClassRunner.runChild(SpringJUnit4ClassRunner.java:97)
		at org.junit.runners.ParentRunner$4.run(ParentRunner.java:331)
		at org.junit.runners.ParentRunner$1.schedule(ParentRunner.java:79)
		at org.junit.runners.ParentRunner.runChildren(ParentRunner.java:329)
		at org.junit.runners.ParentRunner.access$100(ParentRunner.java:66)
		at org.junit.runners.ParentRunner$2.evaluate(ParentRunner.java:293)
		at org.springframework.test.context.junit4.statements.RunBeforeTestClassCallbacks.evaluate(RunBeforeTestClassCallbacks.java:61)
		at org.springframework.test.context.junit4.statements.RunAfterTestClassCallbacks.evaluate(RunAfterTestClassCallbacks.java:70)
		at org.junit.runners.ParentRunner$3.evaluate(ParentRunner.java:306)
		at org.junit.runners.ParentRunner.run(ParentRunner.java:413)
		at org.springframework.test.context.junit4.SpringJUnit4ClassRunner.run(SpringJUnit4ClassRunner.java:190)
		at org.junit.runner.JUnitCore.run(JUnitCore.java:137)
		at org.junit.runner.JUnitCore.run(JUnitCore.java:115)
		at org.junit.vintage.engine.execution.RunnerExecutor.execute(RunnerExecutor.java:43)
		at java.util.stream.ForEachOps$ForEachOp$OfRef.accept(ForEachOps.java:184)
		at java.util.stream.ReferencePipeline$3$1.accept(ReferencePipeline.java:193)
		at java.util.Iterator.forEachRemaining(Iterator.java:116)
		at java.util.Spliterators$IteratorSpliterator.forEachRemaining(Spliterators.java:1801)
		at java.util.stream.AbstractPipeline.copyInto(AbstractPipeline.java:482)
		at java.util.stream.AbstractPipeline.wrapAndCopyInto(AbstractPipeline.java:472)
		at java.util.stream.ForEachOps$ForEachOp.evaluateSequential(ForEachOps.java:151)
		at java.util.stream.ForEachOps$ForEachOp$OfRef.evaluateSequential(ForEachOps.java:174)
		at java.util.stream.AbstractPipeline.evaluate(AbstractPipeline.java:234)
		at java.util.stream.ReferencePipeline.forEach(ReferencePipeline.java:418)
		at org.junit.vintage.engine.VintageTestEngine.executeAllChildren(VintageTestEngine.java:82)
		at org.junit.vintage.engine.VintageTestEngine.execute(VintageTestEngine.java:73)
		at org.junit.platform.launcher.core.EngineExecutionOrchestrator.execute(EngineExecutionOrchestrator.java:108)
		at org.junit.platform.launcher.core.EngineExecutionOrchestrator.execute(EngineExecutionOrchestrator.java:88)
		at org.junit.platform.launcher.core.EngineExecutionOrchestrator.lambda$execute$0(EngineExecutionOrchestrator.java:54)
		at org.junit.platform.launcher.core.EngineExecutionOrchestrator.withInterceptedStreams(EngineExecutionOrchestrator.java:67)
		at org.junit.platform.launcher.core.EngineExecutionOrchestrator.execute(EngineExecutionOrchestrator.java:52)
		at org.junit.platform.launcher.core.DefaultLauncher.execute(DefaultLauncher.java:96)
		at org.junit.platform.launcher.core.DefaultLauncher.execute(DefaultLauncher.java:75)
		at org.apache.maven.surefire.junitplatform.JUnitPlatformProvider.execute(JUnitPlatformProvider.java:188)
		at org.apache.maven.surefire.junitplatform.JUnitPlatformProvider.invokeAllTests(JUnitPlatformProvider.java:154)
		at org.apache.maven.surefire.junitplatform.JUnitPlatformProvider.invoke(JUnitPlatformProvider.java:128)
		at org.apache.maven.surefire.booter.ForkedBooter.runSuitesInProcess(ForkedBooter.java:428)
		at org.apache.maven.surefire.booter.ForkedBooter.execute(ForkedBooter.java:162)
		at org.apache.maven.surefire.booter.ForkedBooter.run(ForkedBooter.java:562)
		at org.apache.maven.surefire.booter.ForkedBooter.main(ForkedBooter.java:548)
2022-07-01T00:24:09.566Z, WARN: [AdminClient clientId=adminclient-3] Connection to node -1 (localhost/127.0.0.1:9092) could not be established. Broker may not be available., thread: kafka-admin-client-thread | adminclient-3, logger: o.a.k.c.NetworkClient, host: workstation, service: demo
2022-07-01T00:24:10.030Z, INFO: Started SmsVerificationRepositoryTest in 220.697 seconds (JVM running for 225.008), thread: main, logger: r.d.m.r.SmsVerificationRepositoryTest, host: workstation, service: demo
2022-07-01T00:24:10.256Z, DEBUG: DsTracerSleuth.spanStart(): save, SERVICE_METHOD, thread: main, logger: r.d.f.d.s.DsTracerSleuth, host: workstation, service: demo
]]></system-out>
    <system-err><![CDATA[SLF4J: Class path contains multiple SLF4J bindings.
SLF4J: Found binding in [jar:file:/home/marley/.m2/repository/org/apache/logging/log4j/log4j-slf4j-impl/2.17.1/log4j-slf4j-impl-2.17.1.jar!/org/slf4j/impl/StaticLoggerBinder.class]
SLF4J: Found binding in [jar:file:/home/marley/.m2/repository/org/ops4j/pax/logging/pax-logging-api/1.10.1/pax-logging-api-1.10.1.jar!/org/slf4j/impl/StaticLoggerBinder.class]
SLF4J: See http://www.slf4j.org/codes.html#multiple_bindings for an explanation.
SLF4J: Actual binding is of type [org.apache.logging.slf4j.Log4jLoggerFactory]
Jul 01, 2022 3:21:48 AM liquibase.lockservice
INFO: Successfully acquired change log lock
Jul 01, 2022 3:21:49 AM liquibase.changelog
INFO: Creating database history table with name: PUBLIC.DATABASECHANGELOG
Jul 01, 2022 3:21:49 AM liquibase.changelog
INFO: Reading from PUBLIC.DATABASECHANGELOG
Jul 01, 2022 3:21:50 AM liquibase.lockservice
INFO: Successfully released change log lock
Jul 01, 2022 3:21:50 AM liquibase.lockservice
INFO: Successfully acquired change log lock
Jul 01, 2022 3:21:50 AM liquibase.hub
WARNING: Skipping auto-registration
Jul 01, 2022 3:21:50 AM liquibase.changelog
INFO: Table rights_policyset created
Jul 01, 2022 3:21:50 AM liquibase.changelog
INFO: Index k01_rights_policyset created
Jul 01, 2022 3:21:50 AM liquibase.changelog
INFO: ChangeSet permission/permission.1.xml::permission.1.1::svdovin ran successfully in 124ms
Jul 01, 2022 3:21:50 AM liquibase.changelog
INFO: Table AUTO_PK_SUPPORT created
Jul 01, 2022 3:21:50 AM liquibase.changelog
INFO: ChangeSet mdpid/0.0.0.xml::mdpid.01::svdovin ran successfully in 22ms
Jul 01, 2022 3:21:50 AM liquibase.changelog
INFO: Sequence sms_verification_verificationid_seq created
Jul 01, 2022 3:21:50 AM liquibase.changelog
INFO: Table sms_verification created
Jul 01, 2022 3:21:50 AM liquibase.changelog
INFO: Index k01_sms_verification created
Jul 01, 2022 3:21:50 AM liquibase.changelog
INFO: Index k02_sms_verification created
Jul 01, 2022 3:21:50 AM liquibase.changelog
INFO: ChangeSet 1.00.01/1.00.01.xml::1.0.1-createVerificationTable::Marley ran successfully in 41ms
Jul 01, 2022 3:21:50 AM liquibase.lockservice
INFO: Successfully released change log lock
]]></system-err>
  </testcase>
  <testcase name="findBySecretCodeAndProcessGuidAndStatusTest" classname="ru.diasoft.micro.repository.SmsVerificationRepositoryTest" time="0.083">
    <system-out><![CDATA[2022-07-01T00:24:10.458Z, DEBUG: DsTracerSleuth.spanStart(): save, SERVICE_METHOD, thread: main, logger: r.d.f.d.s.DsTracerSleuth, host: workstation, service: demo
2022-07-01T00:24:10.462Z, DEBUG: DsTracerSleuth.spanStart(): findBySecretCodeAndProcessGuidAndStatus, SERVICE_METHOD, thread: main, logger: r.d.f.d.s.DsTracerSleuth, host: workstation, service: demo
2022-07-01T00:24:10.519Z, DEBUG: DsTracerSleuth.spanStart(): findBySecretCodeAndProcessGuidAndStatus, SERVICE_METHOD, thread: main, logger: r.d.f.d.s.DsTracerSleuth, host: workstation, service: demo
]]></system-out>
  </testcase>
</testsuite>