<?xml version="1.0" encoding="UTF-8"?>
<testsuite xmlns:xsi="http://www.w3.org/2001/XMLSchema-instance" xsi:noNamespaceSchemaLocation="https://maven.apache.org/surefire/maven-surefire-plugin/xsd/surefire-test-report-3.0.xsd" version="3.0" name="ru.diasoft.micro.archunit.NamingConventionTests" time="1.805" tests="2" errors="0" skipped="0" failures="0">
  <properties>
[...]
</properties>
  <testcase name="repository_should_be_suffixed" classname="ru.diasoft.micro.archunit.NamingConventionTests" time="1.498"/>
  <testcase name="controllers_should_be_suffixed" classname="ru.diasoft.micro.archunit.NamingConventionTests" time="0.306"/>
</testsuite>