<?xml version="1.0" encoding="UTF-8" standalone="yes"?><!DOCTYPE report PUBLIC "-//JACOCO//DTD Report 1.1//EN" "report.dtd"><report name="demo - microservice"><sessioninfo id="workstation-87dac0b9" start="1656776167443" dump="1656776315888"/><sessioninfo id="workstation-2ac52a5f" start="1656776348218" dump="1656776480989"/><sessioninfo id="workstation-dc77e2a7" start="1656776511225" dump="1656776609277"/><package name="ru/diasoft/micro/repository"><class name="ru/diasoft/micro/repository/SmsVerificationRepository" sourcefilename="SmsVerificationRepository.java"/><sourcefile name="SmsVerificationRepository.java"/></package><package name="ru/diasoft/micro/service"><class name="ru/diasoft/micro/service/SmsVerificationPrimaryService" sourcefilename="SmsVerificationPrimaryService.java"><method name="dsSmsVerificationCheck" desc="(Lru/diasoft/micro/controller/dto/SmsVerificationCheckRequest;)Lru/diasoft/micro/controller/dto/SmsVerificationCheckResponse;" line="29"><counter type="INSTRUCTION" missed="0" covered="15"/><counter type="LINE" missed="0" covered="4"/><counter type="COMPLEXITY" missed="0" covered="1"/><counter type="METHOD" missed="0" covered="1"/></method><method name="dsSmsVerificationCreate" desc="(Lru/diasoft/micro/controller/dto/SmsVerificationPostRequest;)Lru/diasoft/micro/controller/dto/SmsVerificationPostResponse;" line="39"><counter type="INSTRUCTION" missed="0" covered="41"/><counter type="LINE" missed="0" covered="11"/><counter type="COMPLEXITY" missed="0" covered="1"/><counter type="METHOD" missed="0" covered="1"/></method><method name="&lt;init&gt;" desc="(Lru/diasoft/micro/repository/SmsVerificationRepository;)V" line="19"><counter type="INSTRUCTION" missed="0" covered="6"/><counter type="LINE" missed="0" covered="1"/><counter type="COMPLEXITY" missed="0" covered="1"/><counter type="METHOD" missed="0" covered="1"/></method><counter type="INSTRUCTION" missed="0" covered="62"/><counter type="LINE" missed="0" covered="16"/><counter type="COMPLEXITY" missed="0" covered="3"/><counter type="METHOD" missed="0" covered="3"/><counter type="CLASS" missed="0" covered="1"/></class><class name="ru/diasoft/micro/service/SmsVerificationServiceBase" sourcefilename="SmsVerificationServiceBase.java"/><class name="ru/diasoft/micro/service/SmsVerificationService" sourcefilename="SmsVerificationService.java"/><sourcefile name="SmsVerificationPrimaryService.java"><line nr="19" mi="0" ci="6" mb="0" cb="0"/><line nr="29" mi="0" ci="5" mb="0" cb="0"/><line nr="30" mi="0" ci="2" mb="0" cb="0"/><line nr="31" mi="0" ci="1" mb="0" cb="0"/><line nr="33" mi="0" ci="7" mb="0" cb="0"/><line nr="39" mi="0" ci="3" mb="0" cb="0"/><line nr="40" mi="0" ci="14" mb="0" cb="0"/><line nr="41" mi="0" ci="2" mb="0" cb="0"/><line nr="43" mi="0" ci="2" mb="0" cb="0"/><line nr="44" mi="0" ci="3" mb="0" cb="0"/><line nr="45" mi="0" ci="2" mb="0" cb="0"/><line nr="46" mi="0" ci="2" mb="0" cb="0"/><line nr="47" mi="0" ci="1" mb="0" cb="0"/><line nr="48" mi="0" ci="2" mb="0" cb="0"/><line nr="50" mi="0" ci="5" mb="0" cb="0"/><line nr="51" mi="0" ci="5" mb="0" cb="0"/><counter type="INSTRUCTION" missed="0" covered="62"/><counter type="LINE" missed="0" covered="16"/><counter type="COMPLEXITY" missed="0" covered="3"/><counter type="METHOD" missed="0" covered="3"/><counter type="CLASS" missed="0" covered="1"/></sourcefile><sourcefile name="SmsVerificationServiceBase.java"/><sourcefile name="SmsVerificationService.java"/><counter type="INSTRUCTION" missed="0" covered="62"/><counter type="LINE" missed="0" covered="16"/><counter type="COMPLEXITY" missed="0" covered="3"/><counter type="METHOD" missed="0" covered="3"/><counter type="CLASS" missed="0" covered="1"/></package><package name="ru/diasoft/micro/domain"><class name="ru/diasoft/micro/domain/SmsVerificationEntity" sourcefilename="SmsVerificationEntity.java"><method name="builder" desc="()Lru/diasoft/micro/domain/SmsVerificationEntity$SmsVerificationEntityBuilder;" line="16"><counter type="INSTRUCTION" missed="0" covered="4"/><counter type="LINE" missed="0" covered="1"/><counter type="COMPLEXITY" missed="0" covered="1"/><counter type="METHOD" missed="0" covered="1"/></method><method name="getVerificationId" desc="()Ljava/lang/Long;" line="26"><counter type="INSTRUCTION" missed="0" covered="3"/><counter type="LINE" missed="0" covered="1"/><counter type="COMPLEXITY" missed="0" covered="1"/><counter type="METHOD" missed="0" covered="1"/></method><method name="getProcessGuid" desc="()Ljava/lang/String;" line="29"><counter type="INSTRUCTION" missed="0" covered="3"/><counter type="LINE" missed="0" covered="1"/><counter type="COMPLEXITY" missed="0" covered="1"/><counter type="METHOD" missed="0" covered="1"/></method><method name="getPhoneNumber" desc="()Ljava/lang/String;" line="32"><counter type="INSTRUCTION" missed="0" covered="3"/><counter type="LINE" missed="0" covered="1"/><counter type="COMPLEXITY" missed="0" covered="1"/><counter type="METHOD" missed="0" covered="1"/></method><method name="getSecretCode" desc="()Ljava/lang/String;" line="35"><counter type="INSTRUCTION" missed="0" covered="3"/><counter type="LINE" missed="0" covered="1"/><counter type="COMPLEXITY" missed="0" covered="1"/><counter type="METHOD" missed="0" covered="1"/></method><method name="getStatus" desc="()Ljava/lang/String;" line="38"><counter type="INSTRUCTION" missed="0" covered="3"/><counter type="LINE" missed="0" covered="1"/><counter type="COMPLEXITY" missed="0" covered="1"/><counter type="METHOD" missed="0" covered="1"/></method><method name="setVerificationId" desc="(Ljava/lang/Long;)V" line="13"><counter type="INSTRUCTION" missed="4" covered="0"/><counter type="LINE" missed="1" covered="0"/><counter type="COMPLEXITY" missed="1" covered="0"/><counter type="METHOD" missed="1" covered="0"/></method><method name="setProcessGuid" desc="(Ljava/lang/String;)V" line="13"><counter type="INSTRUCTION" missed="4" covered="0"/><counter type="LINE" missed="1" covered="0"/><counter type="COMPLEXITY" missed="1" covered="0"/><counter type="METHOD" missed="1" covered="0"/></method><method name="setPhoneNumber" desc="(Ljava/lang/String;)V" line="13"><counter type="INSTRUCTION" missed="4" covered="0"/><counter type="LINE" missed="1" covered="0"/><counter type="COMPLEXITY" missed="1" covered="0"/><counter type="METHOD" missed="1" covered="0"/></method><method name="setSecretCode" desc="(Ljava/lang/String;)V" line="13"><counter type="INSTRUCTION" missed="4" covered="0"/><counter type="LINE" missed="1" covered="0"/><counter type="COMPLEXITY" missed="1" covered="0"/><counter type="METHOD" missed="1" covered="0"/></method><method name="setStatus" desc="(Ljava/lang/String;)V" line="13"><counter type="INSTRUCTION" missed="4" covered="0"/><counter type="LINE" missed="1" covered="0"/><counter type="COMPLEXITY" missed="1" covered="0"/><counter type="METHOD" missed="1" covered="0"/></method><method name="equals" desc="(Ljava/lang/Object;)Z" line="13"><counter type="INSTRUCTION" missed="26" covered="63"/><counter type="BRANCH" missed="19" covered="11"/><counter type="LINE" missed="0" covered="1"/><counter type="COMPLEXITY" missed="15" covered="1"/><counter type="METHOD" missed="0" covered="1"/></method><method name="canEqual" desc="(Ljava/lang/Object;)Z" line="13"><counter type="INSTRUCTION" missed="0" covered="3"/><counter type="LINE" missed="0" covered="1"/><counter type="COMPLEXITY" missed="0" covered="1"/><counter type="METHOD" missed="0" covered="1"/></method><method name="hashCode" desc="()I" line="13"><counter type="INSTRUCTION" missed="62" covered="0"/><counter type="BRANCH" missed="8" covered="0"/><counter type="LINE" missed="1" covered="0"/><counter type="COMPLEXITY" missed="5" covered="0"/><counter type="METHOD" missed="1" covered="0"/></method><method name="toString" desc="()Ljava/lang/String;" line="13"><counter type="INSTRUCTION" missed="32" covered="0"/><counter type="LINE" missed="1" covered="0"/><counter type="COMPLEXITY" missed="1" covered="0"/><counter type="METHOD" missed="1" covered="0"/></method><method name="&lt;init&gt;" desc="()V" line="14"><counter type="INSTRUCTION" missed="0" covered="3"/><counter type="LINE" missed="0" covered="1"/><counter type="COMPLEXITY" missed="0" covered="1"/><counter type="METHOD" missed="0" covered="1"/></method><method name="&lt;init&gt;" desc="(Ljava/lang/Long;Ljava/lang/String;Ljava/lang/String;Ljava/lang/String;Ljava/lang/String;)V" line="15"><counter type="INSTRUCTION" missed="0" covered="18"/><counter type="LINE" missed="0" covered="1"/><counter type="COMPLEXITY" missed="0" covered="1"/><counter type="METHOD" missed="0" covered="1"/></method><counter type="INSTRUCTION" missed="140" covered="106"/><counter type="BRANCH" missed="27" covered="11"/><counter type="LINE" missed="0" covered="9"/><counter type="COMPLEXITY" missed="26" covered="10"/><counter type="METHOD" missed="7" covered="10"/><counter type="CLASS" missed="0" covered="1"/></class><class name="ru/diasoft/micro/domain/SmsVerificationEntity$SmsVerificationEntityBuilder" sourcefilename="SmsVerificationEntity.java"><method name="&lt;init&gt;" desc="()V" line="16"><counter type="INSTRUCTION" missed="0" covered="3"/><counter type="LINE" missed="0" covered="1"/><counter type="COMPLEXITY" missed="0" covered="1"/><counter type="METHOD" missed="0" covered="1"/></method><method name="verificationId" desc="(Ljava/lang/Long;)Lru/diasoft/micro/domain/SmsVerificationEntity$SmsVerificationEntityBuilder;" line="16"><counter type="INSTRUCTION" missed="5" covered="0"/><counter type="LINE" missed="1" covered="0"/><counter type="COMPLEXITY" missed="1" covered="0"/><counter type="METHOD" missed="1" covered="0"/></method><method name="processGuid" desc="(Ljava/lang/String;)Lru/diasoft/micro/domain/SmsVerificationEntity$SmsVerificationEntityBuilder;" line="16"><counter type="INSTRUCTION" missed="0" covered="5"/><counter type="LINE" missed="0" covered="1"/><counter type="COMPLEXITY" missed="0" covered="1"/><counter type="METHOD" missed="0" covered="1"/></method><method name="phoneNumber" desc="(Ljava/lang/String;)Lru/diasoft/micro/domain/SmsVerificationEntity$SmsVerificationEntityBuilder;" line="16"><counter type="INSTRUCTION" missed="0" covered="5"/><counter type="LINE" missed="0" covered="1"/><counter type="COMPLEXITY" missed="0" covered="1"/><counter type="METHOD" missed="0" covered="1"/></method><method name="secretCode" desc="(Ljava/lang/String;)Lru/diasoft/micro/domain/SmsVerificationEntity$SmsVerificationEntityBuilder;" line="16"><counter type="INSTRUCTION" missed="0" covered="5"/><counter type="LINE" missed="0" covered="1"/><counter type="COMPLEXITY" missed="0" covered="1"/><counter type="METHOD" missed="0" covered="1"/></method><method name="status" desc="(Ljava/lang/String;)Lru/diasoft/micro/domain/SmsVerificationEntity$SmsVerificationEntityBuilder;" line="16"><counter type="INSTRUCTION" missed="0" covered="5"/><counter type="LINE" missed="0" covered="1"/><counter type="COMPLEXITY" missed="0" covered="1"/><counter type="METHOD" missed="0" covered="1"/></method><method name="build" desc="()Lru/diasoft/micro/domain/SmsVerificationEntity;" line="16"><counter type="INSTRUCTION" missed="0" covered="14"/><counter type="LINE" missed="0" covered="1"/><counter type="COMPLEXITY" missed="0" covered="1"/><counter type="METHOD" missed="0" covered="1"/></method><method name="toString" desc="()Ljava/lang/String;" line="16"><counter type="INSTRUCTION" missed="32" covered="0"/><counter type="LINE" missed="1" covered="0"/><counter type="COMPLEXITY" missed="1" covered="0"/><counter type="METHOD" missed="1" covered="0"/></method><counter type="INSTRUCTION" missed="37" covered="37"/><counter type="LINE" missed="0" covered="1"/><counter type="COMPLEXITY" missed="2" covered="6"/><counter type="METHOD" missed="2" covered="6"/><counter type="CLASS" missed="0" covered="1"/></class><sourcefile name="SmsVerificationEntity.java"><line nr="13" mi="140" ci="66" mb="27" cb="11"/><line nr="14" mi="0" ci="3" mb="0" cb="0"/><line nr="15" mi="0" ci="18" mb="0" cb="0"/><line nr="16" mi="37" ci="41" mb="0" cb="0"/><line nr="26" mi="0" ci="3" mb="0" cb="0"/><line nr="29" mi="0" ci="3" mb="0" cb="0"/><line nr="32" mi="0" ci="3" mb="0" cb="0"/><line nr="35" mi="0" ci="3" mb="0" cb="0"/><line nr="38" mi="0" ci="3" mb="0" cb="0"/><counter type="INSTRUCTION" missed="177" covered="143"/><counter type="BRANCH" missed="27" covered="11"/><counter type="LINE" missed="0" covered="9"/><counter type="COMPLEXITY" missed="28" covered="16"/><counter type="METHOD" missed="9" covered="16"/><counter type="CLASS" missed="0" covered="2"/></sourcefile><counter type="INSTRUCTION" missed="177" covered="143"/><counter type="BRANCH" missed="27" covered="11"/><counter type="LINE" missed="0" covered="9"/><counter type="COMPLEXITY" missed="28" covered="16"/><counter type="METHOD" missed="9" covered="16"/><counter type="CLASS" missed="0" covered="2"/></package><package name="ru/diasoft/micro/controller/dto"><class name="ru/diasoft/micro/controller/dto/SmsVerificationPostRequest" sourcefilename="SmsVerificationPostRequest.java"/><class name="ru/diasoft/micro/controller/dto/SmsVerificationCheckResponse" sourcefilename="SmsVerificationCheckResponse.java"/><class name="ru/diasoft/micro/controller/dto/SmsVerificationPostResponse" sourcefilename="SmsVerificationPostResponse.java"/><class name="ru/diasoft/micro/controller/dto/SmsVerificationCheckRequest" sourcefilename="SmsVerificationCheckRequest.java"/><sourcefile name="SmsVerificationPostRequest.java"/><sourcefile name="SmsVerificationCheckRequest.java"/><sourcefile name="SmsVerificationPostResponse.java"/><sourcefile name="SmsVerificationCheckResponse.java"/></package><package name="ru/diasoft/micro/controller"><class name="ru/diasoft/micro/controller/SmsVerificationController" sourcefilename="SmsVerificationController.java"/><sourcefile name="SmsVerificationController.java"/></package><counter type="INSTRUCTION" missed="177" covered="205"/><counter type="BRANCH" missed="27" covered="11"/><counter type="LINE" missed="0" covered="25"/><counter type="COMPLEXITY" missed="28" covered="19"/><counter type="METHOD" missed="9" covered="19"/><counter type="CLASS" missed="0" covered="3"/></report>