GROUP,PACKAGE,CLASS,INSTRUCTION_MISSED,INSTRUCTION_COVERED,BRANCH_MISSED,BRANCH_COVERED,LINE_MISSED,LINE_COVERED,COMPLEXITY_MISSED,COMPLEXITY_COVERED,METHOD_MISSED,METHOD_COVERED
demo - microservice,ru.diasoft.micro.model,SmsDeliveredMessage.SmsDeliveredMessageBuilder,26,0,0,0,1,0,4,0,4,0
demo - microservice,ru.diasoft.micro.model,SmsVerificationMessage.SmsVerificationMessageBuilder,22,28,0,0,0,1,1,5,1,5
demo - microservice,ru.diasoft.micro.service,SmsDeliveredListenerService,8,9,0,0,2,2,1,1,1,1
demo - microservice,ru.diasoft.micro.service,SmsVerificationPrimaryService,0,77,0,0,0,21,0,3,0,3
demo - microservice,ru.diasoft.micro.domain,SmsVerificationEntity,218,28,38,0,5,4,32,4,13,4
demo - microservice,ru.diasoft.micro.domain,SmsVerificationEntity.SmsVerificationEntityBuilder,37,37,0,0,0,1,2,6,2,6
